Traceback (most recent call last):
  File "/Users/jvanscho/miniforge3/lib/python3.9/site-packages/jupyter_cache/executors/utils.py", line 51, in single_nb_execution
    executenb(
  File "/Users/jvanscho/miniforge3/lib/python3.9/site-packages/nbclient/client.py", line 1093, in execute
    return NotebookClient(nb=nb, resources=resources, km=km, **kwargs).execute()
  File "/Users/jvanscho/miniforge3/lib/python3.9/site-packages/nbclient/util.py", line 84, in wrapped
    return just_run(coro(*args, **kwargs))
  File "/Users/jvanscho/miniforge3/lib/python3.9/site-packages/nbclient/util.py", line 62, in just_run
    return loop.run_until_complete(coro)
  File "/Users/jvanscho/miniforge3/lib/python3.9/asyncio/base_events.py", line 642, in run_until_complete
    return future.result()
  File "/Users/jvanscho/miniforge3/lib/python3.9/site-packages/nbclient/client.py", line 559, in async_execute
    await self.async_execute_cell(
  File "/Users/jvanscho/miniforge3/lib/python3.9/site-packages/nbclient/client.py", line 854, in async_execute_cell
    self._check_raise_for_error(cell, exec_reply)
  File "/Users/jvanscho/miniforge3/lib/python3.9/site-packages/nbclient/client.py", line 756, in _check_raise_for_error
    raise CellExecutionError.from_cell_and_msg(cell, exec_reply_content)
nbclient.exceptions.CellExecutionError: An error occurred while executing the following cell:
------------------
bananas = oml.datasets.get_dataset(1460) # Banana data has OpenML ID 1460
X, y = bananas.get_data(target=bananas.default_target_attribute);
------------------

[0;31m---------------------------------------------------------------------------[0m
[0;31mValueError[0m                                Traceback (most recent call last)
[0;32m/var/folders/0t/5d8ttqzd773fy0wq3h5db0xr0000gn/T/ipykernel_69827/919188767.py[0m in [0;36m<module>[0;34m[0m
[1;32m      1[0m [0mbananas[0m [0;34m=[0m [0moml[0m[0;34m.[0m[0mdatasets[0m[0;34m.[0m[0mget_dataset[0m[0;34m([0m[0;36m1460[0m[0;34m)[0m [0;31m# Banana data has OpenML ID 1460[0m[0;34m[0m[0;34m[0m[0m
[0;32m----> 2[0;31m [0mX[0m[0;34m,[0m [0my[0m [0;34m=[0m [0mbananas[0m[0;34m.[0m[0mget_data[0m[0;34m([0m[0mtarget[0m[0;34m=[0m[0mbananas[0m[0;34m.[0m[0mdefault_target_attribute[0m[0;34m)[0m[0;34m;[0m[0;34m[0m[0;34m[0m[0m
[0m
[0;31mValueError[0m: too many values to unpack (expected 2)
ValueError: too many values to unpack (expected 2)

