[2022-02-16 12:28:24,704 - gama.gama] Using GAMA version 20.2.1.
[2022-02-16 12:28:24,704 - gama.gama] INIT:GamaClassifier(scoring=accuracy,regularize_length=True,max_pipeline_length=None,random_state=None,max_total_time=60,max_eval_time=None,n_jobs=2,max_memory_mb=None,verbosity=20,search=AsyncEA(),post_processing=BestFitPostProcessing(),output_directory=gama_log2,store=logs)
[2022-02-16 12:28:24,718 - gama.utilities.generic.timekeeper] START: preprocessing default
[2022-02-16 12:28:24,805 - gama.utilities.generic.timekeeper] STOP: preprocessing default after 0.0865s.
[2022-02-16 12:28:24,806 - gama.utilities.generic.timekeeper] START: search AsyncEA
[2022-02-16 12:28:24,857 - gama.utilities.generic.async_evaluator] Process 59563 starting 2 subprocesses.
[2022-02-16 12:28:26,264 - gama.search_methods.async_ea] Starting EA with new population.
[2022-02-16 12:28:27,120 - gama.genetic_programming.operator_set] 50 iterations of mate_with_log did not yield new ind.
[2022-02-16 12:28:27,221 - gama.genetic_programming.operator_set] 50 iterations of mate_with_log did not yield new ind.
[2022-02-16 12:28:27,382 - gama.genetic_programming.operator_set] 50 iterations of mate_with_log did not yield new ind.
[2022-02-16 12:28:27,494 - gama.genetic_programming.operator_set] 50 iterations of mate_with_log did not yield new ind.
[2022-02-16 12:28:27,786 - gama.genetic_programming.operator_set] 50 iterations of mate_with_log did not yield new ind.
[2022-02-16 12:28:27,848 - gama.genetic_programming.operator_set] 50 iterations of mate_with_log did not yield new ind.
[2022-02-16 12:28:28,438 - gama.genetic_programming.operator_set] 50 iterations of mate_with_log did not yield new ind.
[2022-02-16 12:28:28,592 - gama.genetic_programming.operator_set] 50 iterations of mate_with_log did not yield new ind.
[2022-02-16 12:28:28,907 - gama.genetic_programming.operator_set] 50 iterations of mate_with_log did not yield new ind.
[2022-02-16 12:28:30,043 - gama.genetic_programming.operator_set] 50 iterations of mate_with_log did not yield new ind.
[2022-02-16 12:28:30,396 - gama.genetic_programming.operator_set] 50 iterations of mate_with_log did not yield new ind.
[2022-02-16 12:28:30,701 - gama.genetic_programming.operator_set] 50 iterations of mate_with_log did not yield new ind.
[2022-02-16 12:28:30,744 - gama.genetic_programming.operator_set] 50 iterations of mate_with_log did not yield new ind.
[2022-02-16 12:28:31,744 - gama.genetic_programming.operator_set] 50 iterations of mate_with_log did not yield new ind.
[2022-02-16 12:28:32,883 - gama.genetic_programming.operator_set] 50 iterations of mate_with_log did not yield new ind.
[2022-02-16 12:28:33,703 - gama.genetic_programming.operator_set] 50 iterations of mate_with_log did not yield new ind.
[2022-02-16 12:28:33,942 - gama.genetic_programming.operator_set] 50 iterations of mate_with_log did not yield new ind.
[2022-02-16 12:28:34,083 - gama.genetic_programming.operator_set] 50 iterations of mate_with_log did not yield new ind.
[2022-02-16 12:28:34,553 - gama.genetic_programming.operator_set] 50 iterations of mate_with_log did not yield new ind.
[2022-02-16 12:28:34,911 - gama.genetic_programming.operator_set] 50 iterations of mate_with_log did not yield new ind.
[2022-02-16 12:28:36,708 - gama.genetic_programming.operator_set] 50 iterations of mate_with_log did not yield new ind.
[2022-02-16 12:28:38,405 - gama.genetic_programming.operator_set] 50 iterations of mate_with_log did not yield new ind.
[2022-02-16 12:28:38,803 - gama.genetic_programming.operator_set] 50 iterations of mate_with_log did not yield new ind.
[2022-02-16 12:28:38,949 - gama.genetic_programming.operator_set] 50 iterations of mate_with_log did not yield new ind.
[2022-02-16 12:28:40,071 - gama.genetic_programming.operator_set] 50 iterations of mate_with_log did not yield new ind.
[2022-02-16 12:28:40,099 - gama.genetic_programming.operator_set] 50 iterations of mate_with_log did not yield new ind.
[2022-02-16 12:28:40,729 - gama.genetic_programming.operator_set] 50 iterations of mate_with_log did not yield new ind.
[2022-02-16 12:28:40,835 - gama.genetic_programming.operator_set] 50 iterations of mate_with_log did not yield new ind.
[2022-02-16 12:28:40,891 - gama.genetic_programming.operator_set] 50 iterations of mate_with_log did not yield new ind.
[2022-02-16 12:28:40,946 - gama.genetic_programming.operator_set] 50 iterations of mate_with_log did not yield new ind.
[2022-02-16 12:28:41,834 - gama.genetic_programming.operator_set] 50 iterations of mate_with_log did not yield new ind.
[2022-02-16 12:28:42,776 - gama.genetic_programming.operator_set] 50 iterations of mate_with_log did not yield new ind.
[2022-02-16 12:28:42,969 - gama.genetic_programming.operator_set] 50 iterations of mate_with_log did not yield new ind.
[2022-02-16 12:28:42,986 - gama.genetic_programming.operator_set] 50 iterations of mate_with_log did not yield new ind.
[2022-02-16 12:28:43,392 - gama.genetic_programming.operator_set] 50 iterations of mate_with_log did not yield new ind.
[2022-02-16 12:28:43,794 - gama.genetic_programming.operator_set] 50 iterations of mate_with_log did not yield new ind.
[2022-02-16 12:28:43,798 - gama.genetic_programming.operator_set] 50 iterations of mate_with_log did not yield new ind.
[2022-02-16 12:28:44,442 - gama.genetic_programming.operator_set] 50 iterations of mate_with_log did not yield new ind.
[2022-02-16 12:28:44,611 - gama.genetic_programming.operator_set] 50 iterations of mate_with_log did not yield new ind.
[2022-02-16 12:28:44,805 - gama.genetic_programming.operator_set] 50 iterations of mate_with_log did not yield new ind.
[2022-02-16 12:28:45,590 - gama.genetic_programming.operator_set] 50 iterations of mate_with_log did not yield new ind.
[2022-02-16 12:28:45,656 - gama.genetic_programming.operator_set] 50 iterations of mate_with_log did not yield new ind.
[2022-02-16 12:28:45,683 - gama.genetic_programming.operator_set] 50 iterations of mate_with_log did not yield new ind.
[2022-02-16 12:28:46,679 - gama.genetic_programming.operator_set] 50 iterations of mate_with_log did not yield new ind.
[2022-02-16 12:28:48,034 - gama.genetic_programming.operator_set] 50 iterations of mate_with_log did not yield new ind.
[2022-02-16 12:28:48,536 - gama.genetic_programming.operator_set] 50 iterations of mate_with_log did not yield new ind.
[2022-02-16 12:28:48,558 - gama.genetic_programming.operator_set] 50 iterations of mate_with_log did not yield new ind.
[2022-02-16 12:28:50,064 - gama.genetic_programming.operator_set] 50 iterations of mate_with_log did not yield new ind.
[2022-02-16 12:28:50,946 - gama.genetic_programming.operator_set] 50 iterations of mate_with_log did not yield new ind.
[2022-02-16 12:28:51,353 - gama.genetic_programming.operator_set] 50 iterations of mate_with_log did not yield new ind.
[2022-02-16 12:28:51,728 - gama.genetic_programming.operator_set] 50 iterations of mate_with_log did not yield new ind.
[2022-02-16 12:28:51,950 - gama.genetic_programming.operator_set] 50 iterations of mate_with_log did not yield new ind.
[2022-02-16 12:28:52,041 - gama.genetic_programming.operator_set] 50 iterations of mate_with_log did not yield new ind.
[2022-02-16 12:28:52,382 - gama.genetic_programming.operator_set] 50 iterations of mate_with_log did not yield new ind.
[2022-02-16 12:28:52,812 - gama.genetic_programming.operator_set] 50 iterations of mate_with_log did not yield new ind.
[2022-02-16 12:28:53,105 - gama.genetic_programming.operator_set] 50 iterations of mate_with_log did not yield new ind.
[2022-02-16 12:28:53,241 - gama.genetic_programming.operator_set] 50 iterations of mate_with_log did not yield new ind.
[2022-02-16 12:28:53,263 - gama.genetic_programming.operator_set] 50 iterations of mate_with_log did not yield new ind.
[2022-02-16 12:28:53,317 - gama.genetic_programming.operator_set] 50 iterations of mate_with_log did not yield new ind.
[2022-02-16 12:28:53,511 - gama.genetic_programming.operator_set] 50 iterations of mate_with_log did not yield new ind.
[2022-02-16 12:28:53,977 - gama.genetic_programming.operator_set] 50 iterations of mate_with_log did not yield new ind.
[2022-02-16 12:28:54,069 - gama.genetic_programming.operator_set] 50 iterations of mate_with_log did not yield new ind.
[2022-02-16 12:28:54,352 - gama.genetic_programming.operator_set] 50 iterations of mate_with_log did not yield new ind.
[2022-02-16 12:28:54,746 - gama.genetic_programming.operator_set] 50 iterations of mate_with_log did not yield new ind.
[2022-02-16 12:28:55,591 - gama.genetic_programming.operator_set] 50 iterations of mate_with_log did not yield new ind.
[2022-02-16 12:28:55,594 - gama.genetic_programming.operator_set] 50 iterations of mate_with_log did not yield new ind.
[2022-02-16 12:28:55,602 - gama.genetic_programming.operator_set] 50 iterations of mate_with_log did not yield new ind.
[2022-02-16 12:28:55,713 - gama.genetic_programming.operator_set] 50 iterations of mate_with_log did not yield new ind.
[2022-02-16 12:28:55,795 - gama.genetic_programming.operator_set] 50 iterations of mate_with_log did not yield new ind.
[2022-02-16 12:28:56,720 - gama.genetic_programming.operator_set] 50 iterations of mate_with_log did not yield new ind.
[2022-02-16 12:28:57,471 - gama.genetic_programming.operator_set] 50 iterations of mate_with_log did not yield new ind.
[2022-02-16 12:28:58,392 - gama.genetic_programming.operator_set] 50 iterations of mate_with_log did not yield new ind.
[2022-02-16 12:28:58,485 - gama.genetic_programming.operator_set] 50 iterations of mate_with_log did not yield new ind.
[2022-02-16 12:28:58,857 - gama.genetic_programming.operator_set] 50 iterations of mate_with_log did not yield new ind.
[2022-02-16 12:28:59,258 - gama.genetic_programming.operator_set] 50 iterations of mate_with_log did not yield new ind.
[2022-02-16 12:28:59,844 - gama.genetic_programming.operator_set] 50 iterations of mate_with_log did not yield new ind.
[2022-02-16 12:29:00,058 - gama.genetic_programming.operator_set] 50 iterations of mate_with_log did not yield new ind.
[2022-02-16 12:29:00,083 - gama.genetic_programming.operator_set] 50 iterations of mate_with_log did not yield new ind.
[2022-02-16 12:29:00,405 - gama.genetic_programming.operator_set] 50 iterations of mate_with_log did not yield new ind.
[2022-02-16 12:29:00,889 - gama.genetic_programming.operator_set] 50 iterations of mate_with_log did not yield new ind.
[2022-02-16 12:29:01,135 - gama.genetic_programming.operator_set] 50 iterations of mate_with_log did not yield new ind.
[2022-02-16 12:29:01,172 - gama.genetic_programming.operator_set] 50 iterations of mate_with_log did not yield new ind.
[2022-02-16 12:29:01,248 - gama.genetic_programming.operator_set] 50 iterations of mate_with_log did not yield new ind.
[2022-02-16 12:29:01,286 - gama.genetic_programming.operator_set] 50 iterations of mate_with_log did not yield new ind.
[2022-02-16 12:29:01,327 - gama.genetic_programming.operator_set] 50 iterations of mate_with_log did not yield new ind.
[2022-02-16 12:29:01,415 - gama.genetic_programming.operator_set] 50 iterations of mate_with_log did not yield new ind.
[2022-02-16 12:29:01,620 - gama.genetic_programming.operator_set] 50 iterations of mate_with_log did not yield new ind.
[2022-02-16 12:29:01,655 - gama.genetic_programming.operator_set] 50 iterations of mate_with_log did not yield new ind.
[2022-02-16 12:29:01,679 - gama.genetic_programming.operator_set] 50 iterations of mate_with_log did not yield new ind.
[2022-02-16 12:29:01,838 - gama.genetic_programming.operator_set] 50 iterations of mate_with_log did not yield new ind.
[2022-02-16 12:29:01,897 - gama.genetic_programming.operator_set] 50 iterations of mate_with_log did not yield new ind.
[2022-02-16 12:29:02,658 - gama.genetic_programming.operator_set] 50 iterations of mate_with_log did not yield new ind.
[2022-02-16 12:29:02,742 - gama.genetic_programming.operator_set] 50 iterations of mate_with_log did not yield new ind.
[2022-02-16 12:29:02,864 - gama.genetic_programming.operator_set] 50 iterations of mate_with_log did not yield new ind.
[2022-02-16 12:29:03,148 - gama.genetic_programming.operator_set] 50 iterations of mate_with_log did not yield new ind.
[2022-02-16 12:29:03,356 - gama.genetic_programming.operator_set] 50 iterations of mate_with_log did not yield new ind.
[2022-02-16 12:29:03,980 - gama.genetic_programming.operator_set] 50 iterations of mate_with_log did not yield new ind.
[2022-02-16 12:29:04,764 - gama.genetic_programming.operator_set] 50 iterations of mate_with_log did not yield new ind.
[2022-02-16 12:29:06,614 - gama.genetic_programming.operator_set] 50 iterations of mate_with_log did not yield new ind.
[2022-02-16 12:29:07,156 - gama.genetic_programming.operator_set] 50 iterations of mate_with_log did not yield new ind.
[2022-02-16 12:29:07,294 - gama.genetic_programming.operator_set] 50 iterations of mate_with_log did not yield new ind.
[2022-02-16 12:29:07,576 - gama.genetic_programming.operator_set] 50 iterations of mate_with_log did not yield new ind.
[2022-02-16 12:29:08,103 - gama.genetic_programming.operator_set] 50 iterations of mate_with_log did not yield new ind.
[2022-02-16 12:29:08,454 - gama.genetic_programming.operator_set] 50 iterations of mate_with_log did not yield new ind.
[2022-02-16 12:29:08,515 - gama.genetic_programming.operator_set] 50 iterations of mate_with_log did not yield new ind.
[2022-02-16 12:29:08,781 - gama.genetic_programming.operator_set] 50 iterations of mate_with_log did not yield new ind.
[2022-02-16 12:29:09,016 - gama.genetic_programming.operator_set] 50 iterations of mate_with_log did not yield new ind.
[2022-02-16 12:29:09,160 - gama.genetic_programming.operator_set] 50 iterations of mate_with_log did not yield new ind.
[2022-02-16 12:29:09,164 - gama.genetic_programming.operator_set] 50 iterations of mate_with_log did not yield new ind.
[2022-02-16 12:29:09,391 - gama.genetic_programming.operator_set] 50 iterations of mate_with_log did not yield new ind.
[2022-02-16 12:29:09,431 - gama.genetic_programming.operator_set] 50 iterations of mate_with_log did not yield new ind.
[2022-02-16 12:29:09,495 - gama.genetic_programming.operator_set] 50 iterations of mate_with_log did not yield new ind.
[2022-02-16 12:29:09,518 - gama.genetic_programming.operator_set] 50 iterations of mate_with_log did not yield new ind.
[2022-02-16 12:29:09,582 - gama.genetic_programming.operator_set] 50 iterations of mate_with_log did not yield new ind.
[2022-02-16 12:29:09,772 - gama.genetic_programming.operator_set] 50 iterations of mate_with_log did not yield new ind.
[2022-02-16 12:29:09,960 - gama.genetic_programming.operator_set] 50 iterations of mate_with_log did not yield new ind.
[2022-02-16 12:29:10,333 - gama.genetic_programming.operator_set] 50 iterations of mate_with_log did not yield new ind.
[2022-02-16 12:29:10,419 - gama.genetic_programming.operator_set] 50 iterations of mate_with_log did not yield new ind.
[2022-02-16 12:29:10,814 - gama.genetic_programming.operator_set] 50 iterations of mate_with_log did not yield new ind.
[2022-02-16 12:29:11,113 - gama.genetic_programming.operator_set] 50 iterations of mate_with_log did not yield new ind.
[2022-02-16 12:29:11,149 - gama.genetic_programming.operator_set] 50 iterations of mate_with_log did not yield new ind.
[2022-02-16 12:29:12,211 - gama.genetic_programming.operator_set] 50 iterations of mate_with_log did not yield new ind.
[2022-02-16 12:29:12,246 - gama.genetic_programming.operator_set] 50 iterations of mate_with_log did not yield new ind.
[2022-02-16 12:29:12,286 - gama.genetic_programming.operator_set] 50 iterations of mate_with_log did not yield new ind.
[2022-02-16 12:29:13,207 - gama.genetic_programming.operator_set] 50 iterations of mate_with_log did not yield new ind.
[2022-02-16 12:29:14,360 - gama.genetic_programming.operator_set] 50 iterations of mate_with_log did not yield new ind.
[2022-02-16 12:29:14,749 - gama.genetic_programming.operator_set] 50 iterations of mate_with_log did not yield new ind.
[2022-02-16 12:29:14,885 - gama.genetic_programming.operator_set] 50 iterations of mate_with_log did not yield new ind.
[2022-02-16 12:29:14,905 - gama.genetic_programming.operator_set] 50 iterations of mate_with_log did not yield new ind.
[2022-02-16 12:29:14,943 - gama.genetic_programming.operator_set] 50 iterations of mate_with_log did not yield new ind.
[2022-02-16 12:29:15,809 - gama.genetic_programming.operator_set] 50 iterations of mate_with_log did not yield new ind.
[2022-02-16 12:29:15,906 - gama.genetic_programming.operator_set] 50 iterations of mate_with_log did not yield new ind.
[2022-02-16 12:29:15,988 - gama.genetic_programming.operator_set] 50 iterations of mate_with_log did not yield new ind.
[2022-02-16 12:29:16,013 - gama.genetic_programming.operator_set] 50 iterations of mate_with_log did not yield new ind.
[2022-02-16 12:29:16,727 - gama.genetic_programming.operator_set] 50 iterations of mate_with_log did not yield new ind.
[2022-02-16 12:29:16,946 - gama.genetic_programming.operator_set] 50 iterations of mate_with_log did not yield new ind.
[2022-02-16 12:29:16,998 - gama.genetic_programming.operator_set] 50 iterations of mate_with_log did not yield new ind.
[2022-02-16 12:29:17,013 - gama.genetic_programming.operator_set] 50 iterations of mate_with_log did not yield new ind.
[2022-02-16 12:29:17,177 - gama.genetic_programming.operator_set] 50 iterations of mate_with_log did not yield new ind.
[2022-02-16 12:29:17,516 - gama.genetic_programming.operator_set] 50 iterations of mate_with_log did not yield new ind.
[2022-02-16 12:29:17,684 - gama.genetic_programming.operator_set] 50 iterations of mate_with_log did not yield new ind.
[2022-02-16 12:29:17,807 - gama.gama] Time exceeded during callback, but exception was swallowed.
[2022-02-16 12:29:17,807 - gama.utilities.generic.async_evaluator] Terminating 2 subprocesses.
[2022-02-16 12:29:17,891 - gama.gama] Search phase evaluated 40925 individuals.
[2022-02-16 12:29:17,892 - gama.utilities.generic.timekeeper] STOP: search AsyncEA after 53.0857s.
[2022-02-16 12:29:17,892 - gama.utilities.generic.timekeeper] START: postprocess BestFitPostProcessing
[2022-02-16 12:29:24,411 - gama.utilities.generic.timekeeper] STOP: postprocess BestFitPostProcessing after 6.5187s.
[2022-02-16 12:29:25,044 - gama] Removing StreamHandlers registered by previous GAMA instance(s).
[2022-02-16 12:29:25,044 - gama.gama] Using GAMA version 20.2.1.
[2022-02-16 12:29:25,044 - gama.gama] INIT:GamaClassifier(scoring=accuracy,regularize_length=True,max_pipeline_length=None,random_state=None,max_total_time=60,max_eval_time=None,n_jobs=2,max_memory_mb=None,verbosity=20,search=AsyncEA(),post_processing=EnsemblePostProcessing(ensemble_size=25,hillclimb_size=10000,max_models=200),output_directory=gama_log3,store=logs)
[2022-02-16 12:29:25,058 - gama.utilities.generic.timekeeper] START: preprocessing default
[2022-02-16 12:29:25,144 - gama.gama] Data has too many features to include PolynomialFeatures
[2022-02-16 12:29:25,145 - gama.utilities.generic.timekeeper] STOP: preprocessing default after 0.0865s.
[2022-02-16 12:29:25,145 - gama.utilities.generic.timekeeper] START: search AsyncEA
[2022-02-16 12:29:25,219 - gama.utilities.generic.async_evaluator] Process 59563 starting 2 subprocesses.
[2022-02-16 12:29:26,800 - gama.search_methods.async_ea] Starting EA with new population.
[2022-02-16 12:29:27,793 - gama.genetic_programming.operator_set] 50 iterations of mate_with_log did not yield new ind.
[2022-02-16 12:29:27,965 - gama.genetic_programming.operator_set] 50 iterations of mate_with_log did not yield new ind.
[2022-02-16 12:29:28,170 - gama.genetic_programming.operator_set] 50 iterations of mate_with_log did not yield new ind.
[2022-02-16 12:29:29,138 - gama.genetic_programming.operator_set] 50 iterations of mate_with_log did not yield new ind.
[2022-02-16 12:29:29,881 - gama.genetic_programming.operator_set] 50 iterations of mate_with_log did not yield new ind.
[2022-02-16 12:29:33,036 - gama.genetic_programming.operator_set] 50 iterations of mate_with_log did not yield new ind.
[2022-02-16 12:29:34,503 - gama.genetic_programming.operator_set] 50 iterations of mate_with_log did not yield new ind.
[2022-02-16 12:29:34,696 - gama.genetic_programming.operator_set] 50 iterations of mate_with_log did not yield new ind.
[2022-02-16 12:29:35,235 - gama.genetic_programming.operator_set] 50 iterations of mate_with_log did not yield new ind.
[2022-02-16 12:29:36,525 - gama.genetic_programming.operator_set] 50 iterations of mate_with_log did not yield new ind.
[2022-02-16 12:29:37,571 - gama.genetic_programming.operator_set] 50 iterations of mate_with_log did not yield new ind.
[2022-02-16 12:29:38,242 - gama.genetic_programming.operator_set] 50 iterations of mate_with_log did not yield new ind.
[2022-02-16 12:29:38,954 - gama.genetic_programming.operator_set] 50 iterations of mate_with_log did not yield new ind.
[2022-02-16 12:29:39,356 - gama.genetic_programming.operator_set] 50 iterations of mate_with_log did not yield new ind.
[2022-02-16 12:29:39,401 - gama.genetic_programming.operator_set] 50 iterations of mate_with_log did not yield new ind.
[2022-02-16 12:29:39,444 - gama.genetic_programming.operator_set] 50 iterations of mate_with_log did not yield new ind.
[2022-02-16 12:29:40,250 - gama.genetic_programming.operator_set] 50 iterations of mate_with_log did not yield new ind.
[2022-02-16 12:29:40,779 - gama.genetic_programming.operator_set] 50 iterations of mate_with_log did not yield new ind.
[2022-02-16 12:29:41,581 - gama.genetic_programming.operator_set] 50 iterations of mate_with_log did not yield new ind.
[2022-02-16 12:29:42,261 - gama.genetic_programming.operator_set] 50 iterations of mate_with_log did not yield new ind.
[2022-02-16 12:29:42,547 - gama.genetic_programming.operator_set] 50 iterations of mate_with_log did not yield new ind.
[2022-02-16 12:29:44,049 - gama.genetic_programming.operator_set] 50 iterations of mate_with_log did not yield new ind.
[2022-02-16 12:29:44,145 - gama.genetic_programming.operator_set] 50 iterations of mate_with_log did not yield new ind.
[2022-02-16 12:29:45,654 - gama.genetic_programming.operator_set] 50 iterations of mate_with_log did not yield new ind.
[2022-02-16 12:29:45,690 - gama.genetic_programming.operator_set] 50 iterations of mate_with_log did not yield new ind.
[2022-02-16 12:29:45,853 - gama.genetic_programming.operator_set] 50 iterations of mate_with_log did not yield new ind.
[2022-02-16 12:29:46,317 - gama.genetic_programming.operator_set] 50 iterations of mate_with_log did not yield new ind.
[2022-02-16 12:29:46,577 - gama.genetic_programming.operator_set] 50 iterations of mate_with_log did not yield new ind.
[2022-02-16 12:29:46,645 - gama.genetic_programming.operator_set] 50 iterations of mate_with_log did not yield new ind.
[2022-02-16 12:29:47,936 - gama.genetic_programming.operator_set] 50 iterations of mate_with_log did not yield new ind.
[2022-02-16 12:29:48,011 - gama.genetic_programming.operator_set] 50 iterations of mate_with_log did not yield new ind.
[2022-02-16 12:29:48,651 - gama.genetic_programming.operator_set] 50 iterations of mate_with_log did not yield new ind.
[2022-02-16 12:29:49,210 - gama.genetic_programming.operator_set] 50 iterations of mate_with_log did not yield new ind.
[2022-02-16 12:29:49,750 - gama.genetic_programming.operator_set] 50 iterations of mate_with_log did not yield new ind.
[2022-02-16 12:29:49,948 - gama.genetic_programming.operator_set] 50 iterations of mate_with_log did not yield new ind.
[2022-02-16 12:29:50,073 - gama.genetic_programming.operator_set] 50 iterations of mate_with_log did not yield new ind.
[2022-02-16 12:29:50,087 - gama.genetic_programming.operator_set] 50 iterations of mate_with_log did not yield new ind.
[2022-02-16 12:29:50,662 - gama.genetic_programming.operator_set] 50 iterations of mate_with_log did not yield new ind.
[2022-02-16 12:29:50,911 - gama.genetic_programming.operator_set] 50 iterations of mate_with_log did not yield new ind.
[2022-02-16 12:29:52,583 - gama.genetic_programming.operator_set] 50 iterations of mate_with_log did not yield new ind.
[2022-02-16 12:29:52,816 - gama.genetic_programming.operator_set] 50 iterations of mate_with_log did not yield new ind.
[2022-02-16 12:29:53,425 - gama.genetic_programming.operator_set] 50 iterations of mate_with_log did not yield new ind.
[2022-02-16 12:29:53,669 - gama.genetic_programming.operator_set] 50 iterations of mate_with_log did not yield new ind.
[2022-02-16 12:29:54,637 - gama.genetic_programming.operator_set] 50 iterations of mate_with_log did not yield new ind.
[2022-02-16 12:29:54,786 - gama.genetic_programming.operator_set] 50 iterations of mate_with_log did not yield new ind.
[2022-02-16 12:29:54,988 - gama.genetic_programming.operator_set] 50 iterations of mate_with_log did not yield new ind.
[2022-02-16 12:29:55,730 - gama.genetic_programming.operator_set] 50 iterations of mate_with_log did not yield new ind.
[2022-02-16 12:29:56,346 - gama.genetic_programming.operator_set] 50 iterations of mate_with_log did not yield new ind.
[2022-02-16 12:29:56,567 - gama.genetic_programming.operator_set] 50 iterations of mate_with_log did not yield new ind.
[2022-02-16 12:29:58,588 - gama.genetic_programming.operator_set] 50 iterations of mate_with_log did not yield new ind.
[2022-02-16 12:29:58,758 - gama.genetic_programming.operator_set] 50 iterations of mate_with_log did not yield new ind.
[2022-02-16 12:29:58,836 - gama.genetic_programming.operator_set] 50 iterations of mate_with_log did not yield new ind.
[2022-02-16 12:29:59,025 - gama.genetic_programming.operator_set] 50 iterations of mate_with_log did not yield new ind.
[2022-02-16 12:30:01,409 - gama.genetic_programming.operator_set] 50 iterations of mate_with_log did not yield new ind.
[2022-02-16 12:30:02,120 - gama.genetic_programming.operator_set] 50 iterations of mate_with_log did not yield new ind.
[2022-02-16 12:30:02,138 - gama.genetic_programming.operator_set] 50 iterations of mate_with_log did not yield new ind.
[2022-02-16 12:30:02,298 - gama.genetic_programming.operator_set] 50 iterations of mate_with_log did not yield new ind.
[2022-02-16 12:30:02,306 - gama.genetic_programming.operator_set] 50 iterations of mate_with_log did not yield new ind.
[2022-02-16 12:30:02,798 - gama.genetic_programming.operator_set] 50 iterations of mate_with_log did not yield new ind.
[2022-02-16 12:30:03,375 - gama.genetic_programming.operator_set] 50 iterations of mate_with_log did not yield new ind.
[2022-02-16 12:30:03,414 - gama.genetic_programming.operator_set] 50 iterations of mate_with_log did not yield new ind.
[2022-02-16 12:30:04,414 - gama.genetic_programming.operator_set] 50 iterations of mate_with_log did not yield new ind.
[2022-02-16 12:30:04,963 - gama.genetic_programming.operator_set] 50 iterations of mate_with_log did not yield new ind.
[2022-02-16 12:30:06,147 - gama.gama] Time exceeded during callback, but exception was swallowed.
[2022-02-16 12:30:06,147 - gama.utilities.generic.async_evaluator] Terminating 2 subprocesses.
[2022-02-16 12:30:06,243 - gama.gama] Search phase evaluated 31224 individuals.
[2022-02-16 12:30:06,243 - gama.utilities.generic.timekeeper] STOP: search AsyncEA after 41.0978s.
[2022-02-16 12:30:06,244 - gama.utilities.generic.timekeeper] START: postprocess EnsemblePostProcessing
[2022-02-16 12:30:06,244 - gama.postprocessing.ensemble] Building ensemble.
[2022-02-16 12:30:06,245 - gama.postprocessing.ensemble] Not downsampling because only 10000 samples were stored.
[2022-02-16 12:30:06,246 - gama.postprocessing.ensemble] Error during auto ensemble: division by zero
Traceback (most recent call last):
  File "/Users/jvanscho/miniforge3/lib/python3.9/site-packages/gama/postprocessing/ensemble.py", line 524, in build_fit_ensemble
    ensemble.build_initial_ensemble(10)
  File "/Users/jvanscho/miniforge3/lib/python3.9/site-packages/gama/postprocessing/ensemble.py", line 265, in build_initial_ensemble
    self._ensemble_validation_score()
  File "/Users/jvanscho/miniforge3/lib/python3.9/site-packages/gama/postprocessing/ensemble.py", line 444, in _ensemble_validation_score
    prediction_to_validate = self._averaged_validation_predictions()
  File "/Users/jvanscho/miniforge3/lib/python3.9/site-packages/gama/postprocessing/ensemble.py", line 240, in _averaged_validation_predictions
    return weighted_sum_predictions / self._total_model_weights()
ZeroDivisionError: division by zero
[2022-02-16 12:30:06,247 - gama.utilities.generic.timekeeper] STOP: postprocess EnsemblePostProcessing after 0.0028s.
