PLE;INIT;scoring=r2,regularize_length=True,max_pipeline_length=None,random_state=None,max_total_time=60,max_eval_time=None,n_jobs=1,verbosity=20,keep_analysis_log=/Users/joa/notebooks/mlcourse/engineer/labs/no2.log,search_method=AsyncEA(),post_processing_method=BestFitPostProcessing();2020-04-01 11:38:55,041954;END!
PLE;PS;preprocessing;default;2020-04-01 11:43:47,674116;END!
PLE;PE;preprocessing;default;2020-04-01 11:43:47,738709;END!
PLE;PS;search;AsyncEA;2020-04-01 11:43:47,751062;END!
PLE;EVAL;2020-04-01 11:43:47,959443;0.7626039981842041;0.811908;(0.4792884401616495, -1);a2e4a39a-58e7-4734-8249-b1fa3bb86cb7;ElasticNetCV(data, ElasticNetCV.l1_ratio=0.8, ElasticNetCV.tol=0.01);2020-04-01 11:43:48,778799;END!
PLE;EVAL;2020-04-01 11:43:48,739170;0.6609609127044678;0.7713660000000001;(-0.04645586759405251, -2);5ad31bd1-8174-4358-9753-395f6ac2a759;ElasticNetCV(Normalizer(data, Normalizer.norm='max'), ElasticNetCV.l1_ratio=0.4, ElasticNetCV.tol=0.001);2020-04-01 11:43:49,432938;END!
PLE;IND_MUT;b4e04431-c5cf-4d1c-9138-c0aca1997f92;5ad31bd1-8174-4358-9753-395f6ac2a759;mut_replace_primitive;2020-04-01 11:43:49,434239;END!
PLE;EVAL;2020-04-01 11:43:49,408628;0.1414327621459961;0.20986599999999989;(0.47308869932276276, -3);85085131-dbfa-45b4-b3cb-1eab4c812fd5;LinearSVR(MaxAbsScaler(PolynomialFeatures(data, PolynomialFeatures.degree=2, PolynomialFeatures.include_bias=False, PolynomialFeatures.interaction_only=False)), LinearSVR.C=10.0, LinearSVR.dual=True, LinearSVR.epsilon=0.1, LinearSVR.loss='epsilon_insensitive', LinearSVR.tol=0.01);2020-04-01 11:43:49,604143;END!
PLE;IND_MUT;9ce8915e-c439-4182-9704-ed870eec6b88;5ad31bd1-8174-4358-9753-395f6ac2a759;mut_replace_primitive;2020-04-01 11:43:49,605028;END!
PLE;EVAL;2020-04-01 11:43:49,560209;0.07472586631774902;0.085874;(0.45268447563299163, -1);015f4083-9841-432d-bd96-1730772e7210;DecisionTreeRegressor(data, DecisionTreeRegressor.max_depth=6, DecisionTreeRegressor.min_samples_leaf=8, DecisionTreeRegressor.min_samples_split=19);2020-04-01 11:43:49,666770;END!
PLE;IND_CX;19538762-89b3-44a5-b53a-64a32a18eec2;5ad31bd1-8174-4358-9753-395f6ac2a759;85085131-dbfa-45b4-b3cb-1eab4c812fd5;2020-04-01 11:43:49,667770;END!
PLE;EVAL;2020-04-01 11:43:49,650188;0.21619105339050293;0.14273199999999986;(-0.016171104634999267, -2);79233c11-5884-4b57-98aa-f76b974eba55;KNeighborsRegressor(Nystroem(data, Nystroem.gamma=0.8, Nystroem.kernel='sigmoid', Nystroem.n_components=9), KNeighborsRegressor.n_neighbors=18, KNeighborsRegressor.p=1, KNeighborsRegressor.weights='distance');2020-04-01 11:43:49,902501;END!
PLE;IND_CX;adf0dde3-8419-4e25-bc58-fb69efcad7aa;85085131-dbfa-45b4-b3cb-1eab4c812fd5;85085131-dbfa-45b4-b3cb-1eab4c812fd5;2020-04-01 11:43:49,904155;END!
PLE;EVAL;2020-04-01 11:43:49,911588;0.11089301109313965;0.11454200000000014;(0.14901856269390334, -2);467c877d-d5d8-44bc-b92b-c489c1689b7f;KNeighborsRegressor(PolynomialFeatures(data, PolynomialFeatures.degree=2, PolynomialFeatures.include_bias=False, PolynomialFeatures.interaction_only=False), KNeighborsRegressor.n_neighbors=35, KNeighborsRegressor.p=1, KNeighborsRegressor.weights='distance');2020-04-01 11:43:50,090080;END!
PLE;IND_MUT;30542633-4655-41f6-87f9-e4958fea17fe;85085131-dbfa-45b4-b3cb-1eab4c812fd5;mut_insert;2020-04-01 11:43:50,091741;END!
PLE;EVAL;2020-04-01 11:43:50,055432;0.9594869613647461;1.21827;(0.45380705849033176, -1);b9ddbaa7-b176-47ef-aef2-df3ca7d544df;ExtraTreesRegressor(data, ExtraTreesRegressor.bootstrap=False, ExtraTreesRegressor.max_features=0.8, ExtraTreesRegressor.min_samples_leaf=12, ExtraTreesRegressor.min_samples_split=10, ExtraTreesRegressor.n_estimators=100);2020-04-01 11:43:51,171234;END!
PLE;IND_MUT;a5e72382-41a1-4d16-9f1b-525afacde9ad;85085131-dbfa-45b4-b3cb-1eab4c812fd5;mut_replace_primitive;2020-04-01 11:43:51,173445;END!
PLE;EVAL;2020-04-01 11:43:51,079179;0.12243199348449707;0.19183400000000006;(0.479455337114989, -2);bec7f96c-6d3e-4060-bb56-5d678f8538f3;LassoLarsCV(MinMaxScaler(data), LassoLarsCV.normalize=True);2020-04-01 11:43:51,235581;END!
PLE;IND_MUT;dd93163b-e21d-4171-91f0-3dfcc5faf152;85085131-dbfa-45b4-b3cb-1eab4c812fd5;mut_shrink;2020-04-01 11:43:51,236304;END!
PLE;EVAL;2020-04-01 11:43:51,208405;0.4316689968109131;0.6689479999999999;(0.4791901703022773, -2);9196af87-9d6a-49ce-9bfb-766d2d2e7d7f;ElasticNetCV(VarianceThreshold(data, VarianceThreshold.threshold=0.3), ElasticNetCV.l1_ratio=0.5, ElasticNetCV.tol=0.01);2020-04-01 11:43:51,667811;END!
PLE;IND_MUT;d7731081-1dd0-4fff-953e-b5382f90fa04;015f4083-9841-432d-bd96-1730772e7210;mut_replace_primitive;2020-04-01 11:43:51,668573;END!
PLE;EVAL;2020-04-01 11:43:51,647984;0.058013916015625;0.08900600000000036;(0.20716221231904308, -2);aa08e648-755f-4015-8dd2-6bcdd3cf4ae5;KNeighborsRegressor(SelectPercentile(data, SelectPercentile.percentile=72, SelectPercentile.score_func=f_regression), KNeighborsRegressor.n_neighbors=43, KNeighborsRegressor.p=2, KNeighborsRegressor.weights='uniform');2020-04-01 11:43:51,733427;END!
PLE;IND_MUT;2aee2c4b-5d96-4fc9-bb0c-91e3c8b7049a;5ad31bd1-8174-4358-9753-395f6ac2a759;mut_replace_primitive;2020-04-01 11:43:51,734126;END!
PLE;EVAL;2020-04-01 11:43:51,714459;1.078829050064087;1.6601480000000004;(0.5174876699389512, -2);d3f16a6b-c392-4359-b08f-2ab802ceb5c8;RandomForestRegressor(MinMaxScaler(data), RandomForestRegressor.bootstrap=True, RandomForestRegressor.max_features=0.4, RandomForestRegressor.min_samples_leaf=11, RandomForestRegressor.min_samples_split=17, RandomForestRegressor.n_estimators=100);2020-04-01 11:43:52,894904;END!
PLE;IND_MUT;52e0564a-b250-48b4-9183-d8d8d9a34de1;9196af87-9d6a-49ce-9bfb-766d2d2e7d7f;mut_replace_primitive;2020-04-01 11:43:52,896921;END!
PLE;EVAL;2020-04-01 11:43:52,830511;0.8197782039642334;1.375826;(0.2952645834187545, -1);5801b6c6-5358-4473-afb3-b466210d3c30;ExtraTreesRegressor(data, ExtraTreesRegressor.bootstrap=True, ExtraTreesRegressor.max_features=0.35000000000000003, ExtraTreesRegressor.min_samples_leaf=11, ExtraTreesRegressor.min_samples_split=19, ExtraTreesRegressor.n_estimators=100);2020-04-01 11:43:53,727254;END!
PLE;IND_MUT;da00ca58-9f26-42cf-99bf-16293f52a766;5ad31bd1-8174-4358-9753-395f6ac2a759;mut_replace_primitive;2020-04-01 11:43:53,729080;END!
PLE;EVAL;2020-04-01 11:43:53,681292;0.7922499179840088;1.235727999999999;(0.5167775659560054, -3);bdacf530-ca1c-4eb1-b837-aef8585e051c;ExtraTreesRegressor(VarianceThreshold(PolynomialFeatures(data, PolynomialFeatures.degree=2, PolynomialFeatures.include_bias=False, PolynomialFeatures.interaction_only=False), VarianceThreshold.threshold=0.4), ExtraTreesRegressor.bootstrap=False, ExtraTreesRegressor.max_features=0.8, ExtraTreesRegressor.min_samples_leaf=13, ExtraTreesRegressor.min_samples_split=12, ExtraTreesRegressor.n_estimators=100);2020-04-01 11:43:54,598041;END!
PLE;IND_MUT;b28cdca4-74a1-486d-8402-3afe1f592c65;467c877d-d5d8-44bc-b92b-c489c1689b7f;mut_shrink;2020-04-01 11:43:54,600236;END!
PLE;EVAL;2020-04-01 11:43:54,508225;0.16997027397155762;0.2207460000000001;(0.33815819494813537, -2);d16dd278-573c-46f6-9663-57981251cb80;LinearSVR(PCA(data, PCA.iterated_power=1, PCA.svd_solver='randomized'), LinearSVR.C=0.5, LinearSVR.dual=True, LinearSVR.epsilon=0.001, LinearSVR.loss='squared_epsilon_insensitive', LinearSVR.tol=0.0001);2020-04-01 11:43:54,718535;END!
PLE;IND_CX;4f8287da-1642-40ec-9e85-14c40825b244;5801b6c6-5358-4473-afb3-b466210d3c30;bdacf530-ca1c-4eb1-b837-aef8585e051c;2020-04-01 11:43:54,719341;END!
PLE;EVAL;2020-04-01 11:43:54,686163;0.11189603805541992;0.19775800000000032;(0.47876349066510193, -1);e861c795-cb80-475d-8358-64dd1e301a2b;LassoLarsCV(data, LassoLarsCV.normalize=False);2020-04-01 11:43:54,836217;END!
PLE;IND_MUT;8c241a3c-b397-44ee-b5fa-ccc7060aa743;a2e4a39a-58e7-4734-8249-b1fa3bb86cb7;mut_replace_terminal;2020-04-01 11:43:54,836920;END!
PLE;EVAL;2020-04-01 11:43:54,804798;5.193597316741943;7.657719999999999;(0.45930170072633947, -3);f1789862-f603-415c-b848-f3d9d7862c34;RandomForestRegressor(RBFSampler(RobustScaler(data), RBFSampler.gamma=0.7000000000000001), RandomForestRegressor.bootstrap=False, RandomForestRegressor.max_features=0.45, RandomForestRegressor.min_samples_leaf=2, RandomForestRegressor.min_samples_split=16, RandomForestRegressor.n_estimators=100);2020-04-01 11:44:00,149083;END!
PLE;IND_CX;90686caf-81fb-41a0-a89a-b82e21000691;d16dd278-573c-46f6-9663-57981251cb80;aa08e648-755f-4015-8dd2-6bcdd3cf4ae5;2020-04-01 11:44:00,151570;END!
PLE;EVAL;2020-04-01 11:44:00,073527;0.0773618221282959;0.1061639999999997;(-0.003809676498600645, -3);22a4a100-5b80-467c-ad6f-cdb84a62d8dd;DecisionTreeRegressor(Binarizer(FeatureAgglomeration(data, FeatureAgglomeration.affinity='manhattan', FeatureAgglomeration.linkage='complete'), Binarizer.threshold=1.0), DecisionTreeRegressor.max_depth=7, DecisionTreeRegressor.min_samples_leaf=15, DecisionTreeRegressor.min_samples_split=12);2020-04-01 11:44:00,161875;END!
PLE;IND_MUT;a9e1a753-3f5b-49e4-8b66-f343045a2d22;5ad31bd1-8174-4358-9753-395f6ac2a759;mut_insert;2020-04-01 11:44:00,163065;END!
PLE;EVAL;2020-04-01 11:44:00,162425;0.6009068489074707;0.9655160000000009;(-0.41826975810294176, -2);dee53269-ffdc-4dc1-8c61-bdb877d5dc2e;GradientBoostingRegressor(PolynomialFeatures(data, PolynomialFeatures.degree=2, PolynomialFeatures.include_bias=False, PolynomialFeatures.interaction_only=False), GradientBoostingRegressor.alpha=0.85, GradientBoostingRegressor.learning_rate=0.5, GradientBoostingRegressor.loss='quantile', GradientBoostingRegressor.max_depth=1, GradientBoostingRegressor.max_features=0.3, GradientBoostingRegressor.min_samples_leaf=13, GradientBoostingRegressor.min_samples_split=17, GradientBoostingRegressor.n_estimators=100, GradientBoostingRegressor.subsample=0.1);2020-04-01 11:44:00,945379;END!
PLE;IND_CX;d25ae659-f765-4ba8-a82d-9a196859c97e;5ad31bd1-8174-4358-9753-395f6ac2a759;a2e4a39a-58e7-4734-8249-b1fa3bb86cb7;2020-04-01 11:44:00,951367;END!
PLE;EVAL;2020-04-01 11:44:00,802907;0.2066650390625;0.20985999999999905;(0.4794553371149889, -1);dc0ff705-1cd7-4912-90f9-951b220b986e;LassoLarsCV(data, LassoLarsCV.normalize=True);2020-04-01 11:44:01,020723;END!
PLE;IND_CX;a4868e3d-2a39-4e42-93c1-4a86d85aa37d;79233c11-5884-4b57-98aa-f76b974eba55;bec7f96c-6d3e-4060-bb56-5d678f8538f3;2020-04-01 11:44:01,022453;END!
PLE;EVAL;2020-04-01 11:44:01,020241;0.9021093845367432;1.522818000000001;(0.31751433627566217, -2);c9d65587-81f6-4680-a246-477532d8911a;ExtraTreesRegressor(RobustScaler(data), ExtraTreesRegressor.bootstrap=True, ExtraTreesRegressor.max_features=0.55, ExtraTreesRegressor.min_samples_leaf=16, ExtraTreesRegressor.min_samples_split=20, ExtraTreesRegressor.n_estimators=100);2020-04-01 11:44:02,033097;END!
PLE;IND_MUT;adb24b40-f4b0-43ed-8266-58b034be59d0;aa08e648-755f-4015-8dd2-6bcdd3cf4ae5;mut_replace_terminal;2020-04-01 11:44:02,036634;END!
PLE;EVAL;2020-04-01 11:44:01,967628;0.0666348934173584;0.08163600000000315;(0.46102740865175273, -1);c8938700-b738-4b44-8237-6d2621941964;DecisionTreeRegressor(data, DecisionTreeRegressor.max_depth=10, DecisionTreeRegressor.min_samples_leaf=19, DecisionTreeRegressor.min_samples_split=7);2020-04-01 11:44:02,063125;END!
PLE;IND_MUT;2102923e-e885-4408-8130-ea1c5dc4478b;d3f16a6b-c392-4359-b08f-2ab802ceb5c8;mut_insert;2020-04-01 11:44:02,067510;END!
PLE;EVAL;2020-04-01 11:44:02,074308;2.7633378505706787;4.4568200000000004;(0.40745875743726545, -1);10d32685-5bc6-4de9-bb7e-3cfff9222b7f;GradientBoostingRegressor(data, GradientBoostingRegressor.alpha=0.8, GradientBoostingRegressor.learning_rate=0.01, GradientBoostingRegressor.loss='lad', GradientBoostingRegressor.max_depth=8, GradientBoostingRegressor.max_features=0.2, GradientBoostingRegressor.min_samples_leaf=6, GradientBoostingRegressor.min_samples_split=5, GradientBoostingRegressor.n_estimators=100, GradientBoostingRegressor.subsample=0.7500000000000001);2020-04-01 11:44:04,919236;END!
PLE;IND_MUT;8ae5cfb8-6548-4d5f-97e4-cf0f2637e4e1;bec7f96c-6d3e-4060-bb56-5d678f8538f3;mut_insert;2020-04-01 11:44:04,921108;END!
PLE;EVAL;2020-04-01 11:44:04,903485;0.7949886322021484;1.4477340000000005;(0.5086012602138419, -2);8e866cc9-e092-4d28-8823-175e41345e0f;RandomForestRegressor(MinMaxScaler(data), RandomForestRegressor.bootstrap=True, RandomForestRegressor.max_features=0.1, RandomForestRegressor.min_samples_leaf=4, RandomForestRegressor.min_samples_split=16, RandomForestRegressor.n_estimators=100);2020-04-01 11:44:05,823906;END!
PLE;IND_MUT;663ddb5f-b44f-41c1-84eb-f10bf2414af4;dee53269-ffdc-4dc1-8c61-bdb877d5dc2e;mut_replace_primitive;2020-04-01 11:44:05,827397;END!
PLE;EVAL;2020-04-01 11:44:05,749496;3.4945619106292725;4.143283999999998;(0.3372262904383876, -3);b5c7578f-b124-4d0a-a798-11e4c4935aeb;RandomForestRegressor(RBFSampler(SelectPercentile(data, SelectPercentile.percentile=96, SelectPercentile.score_func=f_regression), RBFSampler.gamma=0.05), RandomForestRegressor.bootstrap=True, RandomForestRegressor.max_features=0.5, RandomForestRegressor.min_samples_leaf=17, RandomForestRegressor.min_samples_split=2, RandomForestRegressor.n_estimators=100);2020-04-01 11:44:09,350937;END!
PLE;IND_CX;4899ba64-b9fc-45c6-9e38-64a42dc6f312;d16dd278-573c-46f6-9663-57981251cb80;aa08e648-755f-4015-8dd2-6bcdd3cf4ae5;2020-04-01 11:44:09,353539;END!
PLE;EVAL;2020-04-01 11:44:09,281294;0.07205796241760254;0.12024399999999957;(-0.03746677495011097, -1);ca91a3f0-7bd0-4a60-937e-874310dff99c;LinearSVR(data, LinearSVR.C=0.5, LinearSVR.dual=True, LinearSVR.epsilon=1.0, LinearSVR.loss='squared_epsilon_insensitive', LinearSVR.tol=0.1);2020-04-01 11:44:09,363532;END!
PLE;IND_MUT;7045935d-e9cd-45fa-81e7-34fe9b461d6e;8e866cc9-e092-4d28-8823-175e41345e0f;mut_insert;2020-04-01 11:44:09,365628;END!
PLE;EVAL;2020-04-01 11:44:09,378364;1.0401301383972168;1.5800599999999996;(0.081003574645238, -2);bdccf0e2-7afb-45bb-9dea-6c341c61599b;AdaBoostRegressor(Binarizer(data, Binarizer.threshold=0.9500000000000001), AdaBoostRegressor.learning_rate=0.001, AdaBoostRegressor.loss='exponential', AdaBoostRegressor.n_estimators=100);2020-04-01 11:44:10,519137;END!
PLE;IND_MUT;6856a1e9-c94e-405d-ada3-83a339e6c633;dee53269-ffdc-4dc1-8c61-bdb877d5dc2e;mut_shrink;2020-04-01 11:44:10,521804;END!
PLE;EVAL;2020-04-01 11:44:10,457868;0.05950498580932617;0.08544200000000046;(0.12811172191760767, -1);c473b991-9e5a-4121-9803-dca28417e56c;KNeighborsRegressor(data, KNeighborsRegressor.n_neighbors=27, KNeighborsRegressor.p=2, KNeighborsRegressor.weights='distance');2020-04-01 11:44:10,531443;END!
PLE;IND_MUT;aa2979cb-0a64-44b1-ad9a-58796f4b1453;dc0ff705-1cd7-4912-90f9-951b220b986e;mut_replace_terminal;2020-04-01 11:44:10,533413;END!
PLE;EVAL;2020-04-01 11:44:10,527098;0.6728157997131348;1.1518979999999992;(0.5318175371033876, -1);b7fe1e62-777c-440e-a1ab-25099d48330f;ExtraTreesRegressor(data, ExtraTreesRegressor.bootstrap=False, ExtraTreesRegressor.max_features=0.5, ExtraTreesRegressor.min_samples_leaf=4, ExtraTreesRegressor.min_samples_split=7, ExtraTreesRegressor.n_estimators=100);2020-04-01 11:44:11,346032;END!
PLE;IND_MUT;17abb0ca-d055-4b89-a096-f29c98e8ed40;d16dd278-573c-46f6-9663-57981251cb80;mut_shrink;2020-04-01 11:44:11,349623;END!
PLE;EVAL;2020-04-01 11:44:11,265527;0.3400733470916748;0.6042879999999968;(0.5775921170313094, -2);9e810517-6a3b-421f-913b-0ea67d20cf04;GradientBoostingRegressor(PolynomialFeatures(data, PolynomialFeatures.degree=2, PolynomialFeatures.include_bias=False, PolynomialFeatures.interaction_only=False), GradientBoostingRegressor.alpha=0.9, GradientBoostingRegressor.learning_rate=0.1, GradientBoostingRegressor.loss='ls', GradientBoostingRegressor.max_depth=6, GradientBoostingRegressor.max_features=0.1, GradientBoostingRegressor.min_samples_leaf=13, GradientBoostingRegressor.min_samples_split=12, GradientBoostingRegressor.n_estimators=100, GradientBoostingRegressor.subsample=0.55);2020-04-01 11:44:11,736805;END!
PLE;IND_MUT;29f989f6-0a26-4c43-9652-92bc58e98918;10d32685-5bc6-4de9-bb7e-3cfff9222b7f;mut_replace_terminal;2020-04-01 11:44:11,747812;END!
PLE;EVAL;2020-04-01 11:44:11,659437;0.6898581981658936;0.9564459999999997;(0.45748696156128443, -1);55feeb87-0c9f-44a8-8c6f-cbe7161a7d1d;GradientBoostingRegressor(data, GradientBoostingRegressor.alpha=0.85, GradientBoostingRegressor.learning_rate=0.1, GradientBoostingRegressor.loss='lad', GradientBoostingRegressor.max_depth=1, GradientBoostingRegressor.max_features=0.8500000000000001, GradientBoostingRegressor.min_samples_leaf=15, GradientBoostingRegressor.min_samples_split=18, GradientBoostingRegressor.n_estimators=100, GradientBoostingRegressor.subsample=1.0);2020-04-01 11:44:12,442293;END!
PLE;IND_MUT;e189e350-c1d1-4fbd-8995-00ef1795f661;a2e4a39a-58e7-4734-8249-b1fa3bb86cb7;mut_replace_terminal;2020-04-01 11:44:12,445690;END!
PLE;EVAL;2020-04-01 11:44:12,422296;0.8274819850921631;1.6689779999999956;(-0.23568077187432523, -3);963128f1-2519-4922-ac5a-4fda942030ae;GradientBoostingRegressor(StandardScaler(FastICA(data, FastICA.tol=0.75)), GradientBoostingRegressor.alpha=0.75, GradientBoostingRegressor.learning_rate=0.01, GradientBoostingRegressor.loss='quantile', GradientBoostingRegressor.max_depth=2, GradientBoostingRegressor.max_features=0.15000000000000002, GradientBoostingRegressor.min_samples_leaf=13, GradientBoostingRegressor.min_samples_split=4, GradientBoostingRegressor.n_estimators=100, GradientBoostingRegressor.subsample=0.4);2020-04-01 11:44:13,343807;END!
PLE;IND_MUT;8cbb5103-0ecb-4fb8-8844-38e22d3fccff;5ad31bd1-8174-4358-9753-395f6ac2a759;mut_insert;2020-04-01 11:44:13,346850;END!
PLE;EVAL;2020-04-01 11:44:13,281739;0.05362510681152344;0.0854399999999984;(0.06220440906417024, -3);d6fe7bea-842c-47ea-80ef-4a4467551ff8;DecisionTreeRegressor(Binarizer(VarianceThreshold(data, VarianceThreshold.threshold=0.6500000000000001), Binarizer.threshold=1.0), DecisionTreeRegressor.max_depth=8, DecisionTreeRegressor.min_samples_leaf=7, DecisionTreeRegressor.min_samples_split=17);2020-04-01 11:44:13,359812;END!
PLE;IND_MUT;0e576c03-abe1-4710-9689-592a968f7d2c;5ad31bd1-8174-4358-9753-395f6ac2a759;mut_insert;2020-04-01 11:44:13,362659;END!
PLE;EVAL;2020-04-01 11:44:13,346472;0.1025850772857666;0.1518699999999953;(0.5095738387073456, -3);56d8a030-9edb-40d8-99a4-955b07a5f6fe;KNeighborsRegressor(RBFSampler(StandardScaler(data), RBFSampler.gamma=0.2), KNeighborsRegressor.n_neighbors=15, KNeighborsRegressor.p=1, KNeighborsRegressor.weights='distance');2020-04-01 11:44:13,483549;END!
PLE;IND_CX;5c750413-f12b-49af-b428-90c660d4bf45;9e810517-6a3b-421f-913b-0ea67d20cf04;55feeb87-0c9f-44a8-8c6f-cbe7161a7d1d;2020-04-01 11:44:13,486949;END!
PLE;EVAL;2020-04-01 11:44:13,466316;0.058219194412231445;0.08979400000000481;(0.0029469441577031352, -2);3f200c7b-1d70-4b08-a791-b056fa5d786e;DecisionTreeRegressor(FeatureAgglomeration(data, FeatureAgglomeration.affinity='euclidean', FeatureAgglomeration.linkage='complete'), DecisionTreeRegressor.max_depth=3, DecisionTreeRegressor.min_samples_leaf=17, DecisionTreeRegressor.min_samples_split=11);2020-04-01 11:44:13,552609;END!
PLE;IND_MUT;fa65acc1-5fbf-4d99-a747-8f569bf90913;bdccf0e2-7afb-45bb-9dea-6c341c61599b;mut_insert;2020-04-01 11:44:13,555132;END!
PLE;EVAL;2020-04-01 11:44:13,533782;0.6732039451599121;0.9068660000000008;(-2.5941817968560366, -2);f9b4caf9-f3b5-4fe4-9511-9695b7144f58;GradientBoostingRegressor(FastICA(data, FastICA.tol=0.5), GradientBoostingRegressor.alpha=0.75, GradientBoostingRegressor.learning_rate=1.0, GradientBoostingRegressor.loss='ls', GradientBoostingRegressor.max_depth=6, GradientBoostingRegressor.max_features=0.7000000000000001, GradientBoostingRegressor.min_samples_leaf=14, GradientBoostingRegressor.min_samples_split=14, GradientBoostingRegressor.n_estimators=100, GradientBoostingRegressor.subsample=0.35000000000000003);2020-04-01 11:44:14,299739;END!
PLE;IND_MUT;caccb386-44fa-456e-a08e-462019f2e048;a2e4a39a-58e7-4734-8249-b1fa3bb86cb7;mut_replace_terminal;2020-04-01 11:44:14,302024;END!
PLE;EVAL;2020-04-01 11:44:14,248655;0.052848100662231445;0.09604399999999913;(0.24902019214170135, -3);d7d34828-0f28-45a7-8d96-4d49b8af7e05;KNeighborsRegressor(SelectPercentile(PolynomialFeatures(data, PolynomialFeatures.degree=2, PolynomialFeatures.include_bias=False, PolynomialFeatures.interaction_only=False), SelectPercentile.percentile=86, SelectPercentile.score_func=f_regression), KNeighborsRegressor.n_neighbors=34, KNeighborsRegressor.p=1, KNeighborsRegressor.weights='distance');2020-04-01 11:44:14,365096;END!
PLE;IND_MUT;b45dafd2-a3a3-46f8-bcde-0f9d7256aa7e;8e866cc9-e092-4d28-8823-175e41345e0f;mut_shrink;2020-04-01 11:44:14,366690;END!
PLE;EVAL;2020-04-01 11:44:14,313899;0.058125972747802734;0.10871000000000208;(0.4956504196685906, -3);1cef297a-6710-4aab-aba2-c590a8ace72e;KNeighborsRegressor(RobustScaler(RobustScaler(data)), KNeighborsRegressor.n_neighbors=10, KNeighborsRegressor.p=2, KNeighborsRegressor.weights='uniform');2020-04-01 11:44:14,430499;END!
PLE;IND_MUT;42dda91f-d889-4d60-bc9a-10b893ba73f1;ca91a3f0-7bd0-4a60-937e-874310dff99c;mut_replace_primitive;2020-04-01 11:44:14,431767;END!
PLE;EVAL;2020-04-01 11:44:14,380632;0.3641698360443115;0.6496159999999946;(0.4792429435510497, -1);9ddf836e-71b7-4a45-81bd-031b757c05d3;ElasticNetCV(data, ElasticNetCV.l1_ratio=0.8500000000000001, ElasticNetCV.tol=0.001);2020-04-01 11:44:14,754013;END!
PLE;IND_MUT;5f7fed47-c6e0-4fbf-a52d-d2263758ec3e;015f4083-9841-432d-bd96-1730772e7210;mut_replace_terminal;2020-04-01 11:44:14,755805;END!
PLE;EVAL;2020-04-01 11:44:14,752629;0.041373252868652344;0.0756240000000048;(-0.003809676498600645, -3);73114067-5f49-4ed2-a15d-1bac82cd276b;DecisionTreeRegressor(RBFSampler(VarianceThreshold(data, VarianceThreshold.threshold=0.4), RBFSampler.gamma=0.0), DecisionTreeRegressor.max_depth=4, DecisionTreeRegressor.min_samples_leaf=15, DecisionTreeRegressor.min_samples_split=6);2020-04-01 11:44:14,871321;END!
PLE;IND_MUT;cd8df9e9-1b30-4811-a630-9780fb49f630;10d32685-5bc6-4de9-bb7e-3cfff9222b7f;mut_replace_primitive;2020-04-01 11:44:14,873803;END!
PLE;EVAL;2020-04-01 11:44:14,818116;1.2320971488952637;1.5502559999999974;(0.37211336810547746, -1);a6e4accc-7cd0-4412-bfdb-a845cff71a01;ExtraTreesRegressor(data, ExtraTreesRegressor.bootstrap=True, ExtraTreesRegressor.max_features=0.8, ExtraTreesRegressor.min_samples_leaf=16, ExtraTreesRegressor.min_samples_split=3, ExtraTreesRegressor.n_estimators=100);2020-04-01 11:44:16,150991;END!
PLE;IND_MUT;3ff284fd-ca46-42ee-a904-694dd170b1fa;9196af87-9d6a-49ce-9bfb-766d2d2e7d7f;mut_shrink;2020-04-01 11:44:16,155425;END!
PLE;EVAL;2020-04-01 11:44:16,086079;0.07433295249938965;0.11207600000000184;(-0.07051148945115271, -3);eec21220-8a49-4368-b692-8f7c79a0df8f;KNeighborsRegressor(SelectPercentile(Binarizer(data, Binarizer.threshold=0.2), SelectPercentile.percentile=3, SelectPercentile.score_func=f_regression), KNeighborsRegressor.n_neighbors=30, KNeighborsRegressor.p=1, KNeighborsRegressor.weights='uniform');2020-04-01 11:44:16,216463;END!
PLE;IND_MUT;fad43570-fa3d-4337-86bc-dd423aa667cc;10d32685-5bc6-4de9-bb7e-3cfff9222b7f;mut_replace_terminal;2020-04-01 11:44:16,217863;END!
PLE;EVAL;2020-04-01 11:44:16,167167;0.3977971076965332;0.6864340000000055;(0.3395467690281644, -2);45bdc166-deb2-40a4-85df-953a3ca399c0;ElasticNetCV(PolynomialFeatures(data, PolynomialFeatures.degree=2, PolynomialFeatures.include_bias=False, PolynomialFeatures.interaction_only=False), ElasticNetCV.l1_ratio=0.05, ElasticNetCV.tol=0.1);2020-04-01 11:44:16,598961;END!
PLE;IND_MUT;0f736106-360a-4b01-a660-9f3025bb0828;79233c11-5884-4b57-98aa-f76b974eba55;mut_shrink;2020-04-01 11:44:16,601792;END!
PLE;EVAL;2020-04-01 11:44:16,571233;0.13344717025756836;0.22610399999999942;(0.47876349066510193, -1);97262022-791b-4372-8e62-bf62778e60f2;LassoLarsCV(data, LassoLarsCV.normalize=False);2020-04-01 11:44:16,714565;END!
PLE;IND_MUT;cc6b4a2b-251b-4b08-86d9-657ce4493184;c8938700-b738-4b44-8237-6d2621941964;mut_replace_terminal;2020-04-01 11:44:16,716350;END!
PLE;EVAL;2020-04-01 11:44:16,712198;0.11621475219726562;0.19608000000000203;(0.4794553371149889, -2);32e1cc85-5347-41d3-abda-c2138d77f655;LassoLarsCV(RobustScaler(data), LassoLarsCV.normalize=True);2020-04-01 11:44:16,927667;END!
PLE;IND_MUT;9469c4f2-08f3-4282-84c1-ae912bb5482b;a2e4a39a-58e7-4734-8249-b1fa3bb86cb7;mut_replace_terminal;2020-04-01 11:44:16,933853;END!
PLE;EVAL;2020-04-01 11:44:16,836236;0.11655521392822266;0.08379200000000253;(-5.87229543959589, -1);877769d0-1de8-4cfd-8686-4ad07633c3fb;LinearSVR(data, LinearSVR.C=20.0, LinearSVR.dual=False, LinearSVR.epsilon=0.01, LinearSVR.loss='squared_epsilon_insensitive', LinearSVR.tol=0.1);2020-04-01 11:44:17,005927;END!
PLE;IND_MUT;97d67ec6-3242-49ce-8ddd-99cdae3aa284;1cef297a-6710-4aab-aba2-c590a8ace72e;mut_shrink;2020-04-01 11:44:17,011097;END!
PLE;EVAL;2020-04-01 11:44:16,966434;1.4067399501800537;1.788333999999999;(0.3867354379466883, -3);e3d82f60-7264-4937-9ea6-31f4452f96ef;AdaBoostRegressor(SelectFwe(VarianceThreshold(data, VarianceThreshold.threshold=0.1), SelectFwe.alpha=0.019, SelectFwe.score_func=f_regression), AdaBoostRegressor.learning_rate=1.0, AdaBoostRegressor.loss='exponential', AdaBoostRegressor.n_estimators=100);2020-04-01 11:44:18,442185;END!
PLE;IND_MUT;d84ca54d-c39f-4dfd-aea9-7d9632377450;85085131-dbfa-45b4-b3cb-1eab4c812fd5;mut_replace_terminal;2020-04-01 11:44:18,446377;END!
PLE;EVAL;2020-04-01 11:44:18,427612;0.03708386421203613;0.06727599999999967;(0.45680439648878857, -1);f8696ee4-dcf7-4ea7-8a2d-fb4cf6827c3d;DecisionTreeRegressor(data, DecisionTreeRegressor.max_depth=10, DecisionTreeRegressor.min_samples_leaf=9, DecisionTreeRegressor.min_samples_split=15);2020-04-01 11:44:18,508035;END!
PLE;IND_MUT;005e46d5-3992-4490-af28-2868e4636ea1;f9b4caf9-f3b5-4fe4-9511-9695b7144f58;mut_replace_terminal;2020-04-01 11:44:18,510173;END!
PLE;EVAL;2020-04-01 11:44:18,471201;0.8063361644744873;1.3703320000000048;(0.07943063828682762, -3);9186ddaa-879f-4698-b547-7a61c83f008f;ExtraTreesRegressor(Normalizer(Binarizer(data, Binarizer.threshold=0.9), Normalizer.norm='max'), ExtraTreesRegressor.bootstrap=True, ExtraTreesRegressor.max_features=0.05, ExtraTreesRegressor.min_samples_leaf=4, ExtraTreesRegressor.min_samples_split=17, ExtraTreesRegressor.n_estimators=100);2020-04-01 11:44:19,342498;END!
PLE;IND_MUT;6dd44414-8a95-4bc2-a408-345438d9d956;b7fe1e62-777c-440e-a1ab-25099d48330f;mut_replace_terminal;2020-04-01 11:44:19,346662;END!
PLE;EVAL;2020-04-01 11:44:19,312907;1.1513891220092773;1.7038179999999983;(0.5427967813019323, -1);bcaf4205-39ca-47fc-9a33-5d6fab0ff2e1;RandomForestRegressor(data, RandomForestRegressor.bootstrap=True, RandomForestRegressor.max_features=0.7000000000000001, RandomForestRegressor.min_samples_leaf=9, RandomForestRegressor.min_samples_split=12, RandomForestRegressor.n_estimators=100);2020-04-01 11:44:20,563705;END!
PLE;IND_MUT;7c89e417-8384-4a19-aa29-ed97c1bd65fb;ca91a3f0-7bd0-4a60-937e-874310dff99c;mut_insert;2020-04-01 11:44:20,566329;END!
PLE;EVAL;2020-04-01 11:44:20,509196;0.09116101264953613;0.1638459999999995;(0.479455337114989, -2);bb201185-4909-4c13-ad6d-beb447fb9a5c;LassoLarsCV(MinMaxScaler(data), LassoLarsCV.normalize=True);2020-04-01 11:44:20,627831;END!
PLE;IND_MUT;b887d4a7-3b85-421f-87cf-7b2d352e5aed;ca91a3f0-7bd0-4a60-937e-874310dff99c;mut_replace_terminal;2020-04-01 11:44:20,630212;END!
PLE;EVAL;2020-04-01 11:44:20,606847;0.8137428760528564;1.8855319999999978;(-0.007832288359988393, -2);b4e04431-c5cf-4d1c-9138-c0aca1997f92;ElasticNetCV(RBFSampler(data, RBFSampler.gamma=0.6000000000000001), ElasticNetCV.l1_ratio=0.4, ElasticNetCV.tol=0.001);2020-04-01 11:44:21,462158;END!
PLE;RMV_IND;Individual 963128f1-2519-4922-ac5a-4fda942030ae
Pipeline: GradientBoostingRegressor(StandardScaler(FastICA(data, FastICA.tol=0.75)), GradientBoostingRegressor.alpha=0.75, GradientBoostingRegressor.learning_rate=0.01, GradientBoostingRegressor.loss='quantile', GradientBoostingRegressor.max_depth=2, GradientBoostingRegressor.max_features=0.15000000000000002, GradientBoostingRegressor.min_samples_leaf=13, GradientBoostingRegressor.min_samples_split=4, GradientBoostingRegressor.n_estimators=100, GradientBoostingRegressor.subsample=0.4)
Fitness: Fitness(values=(-0.23568077187432523, -3), start_time=datetime.datetime(2020, 4, 1, 11, 44, 12, 422296), wallclock_time=0.8274819850921631, process_time=1.6689779999999956);2020-04-01 11:44:21,463552;END!
PLE;IND_MUT;fb217521-28fd-4778-b574-02774882463a;55feeb87-0c9f-44a8-8c6f-cbe7161a7d1d;mut_replace_primitive;2020-04-01 11:44:21,467318;END!
PLE;EVAL;2020-04-01 11:44:21,431063;1.7341890335083008;1.7768840000000026;(-0.003809676498600645, -2);9ce8915e-c439-4182-9704-ed870eec6b88;ElasticNetCV(RBFSampler(data, RBFSampler.gamma=0.4), ElasticNetCV.l1_ratio=0.4, ElasticNetCV.tol=0.001);2020-04-01 11:44:23,227827;END!
PLE;RMV_IND;Individual f9b4caf9-f3b5-4fe4-9511-9695b7144f58
Pipeline: GradientBoostingRegressor(FastICA(data, FastICA.tol=0.5), GradientBoostingRegressor.alpha=0.75, GradientBoostingRegressor.learning_rate=1.0, GradientBoostingRegressor.loss='ls', GradientBoostingRegressor.max_depth=6, GradientBoostingRegressor.max_features=0.7000000000000001, GradientBoostingRegressor.min_samples_leaf=14, GradientBoostingRegressor.min_samples_split=14, GradientBoostingRegressor.n_estimators=100, GradientBoostingRegressor.subsample=0.35000000000000003)
Fitness: Fitness(values=(-2.5941817968560366, -2), start_time=datetime.datetime(2020, 4, 1, 11, 44, 13, 533782), wallclock_time=0.6732039451599121, process_time=0.9068660000000008);2020-04-01 11:44:23,229566;END!
PLE;IND_MUT;00d3dbae-4c7d-4409-9f0b-6f96cdb574aa;ca91a3f0-7bd0-4a60-937e-874310dff99c;mut_replace_terminal;2020-04-01 11:44:23,232367;END!
PLE;EVAL;2020-04-01 11:44:23,172231;0.36516308784484863;0.8131640000000004;(0.34145304474131755, -2);19538762-89b3-44a5-b53a-64a32a18eec2;ElasticNetCV(PolynomialFeatures(data, PolynomialFeatures.degree=2, PolynomialFeatures.include_bias=False, PolynomialFeatures.interaction_only=False), ElasticNetCV.l1_ratio=0.4, ElasticNetCV.tol=0.001);2020-04-01 11:44:23,562529;END!
PLE;RMV_IND;Individual 877769d0-1de8-4cfd-8686-4ad07633c3fb
Pipeline: LinearSVR(data, LinearSVR.C=20.0, LinearSVR.dual=False, LinearSVR.epsilon=0.01, LinearSVR.loss='squared_epsilon_insensitive', LinearSVR.tol=0.1)
Fitness: Fitness(values=(-5.87229543959589, -1), start_time=datetime.datetime(2020, 4, 1, 11, 44, 16, 836236), wallclock_time=0.11655521392822266, process_time=0.08379200000000253);2020-04-01 11:44:23,563377;END!
PLE;IND_MUT;087f4cb5-6679-450a-b4be-ac0f6d9bf128;dee53269-ffdc-4dc1-8c61-bdb877d5dc2e;mut_insert;2020-04-01 11:44:23,566239;END!
PLE;EVAL;2020-04-01 11:44:23,566744;0.466447114944458;0.41977400000000387;(-12.04985641043782, -2);adf0dde3-8419-4e25-bc58-fb69efcad7aa;LinearSVR(PolynomialFeatures(data, PolynomialFeatures.degree=2, PolynomialFeatures.include_bias=False, PolynomialFeatures.interaction_only=False), LinearSVR.C=10.0, LinearSVR.dual=True, LinearSVR.epsilon=0.1, LinearSVR.loss='epsilon_insensitive', LinearSVR.tol=0.01);2020-04-01 11:44:24,058037;END!
PLE;RMV_IND;Individual eec21220-8a49-4368-b692-8f7c79a0df8f
Pipeline: KNeighborsRegressor(SelectPercentile(Binarizer(data, Binarizer.threshold=0.2), SelectPercentile.percentile=3, SelectPercentile.score_func=f_regression), KNeighborsRegressor.n_neighbors=30, KNeighborsRegressor.p=1, KNeighborsRegressor.weights='uniform')
Fitness: Fitness(values=(-0.07051148945115271, -3), start_time=datetime.datetime(2020, 4, 1, 11, 44, 16, 86079), wallclock_time=0.07433295249938965, process_time=0.11207600000000184);2020-04-01 11:44:24,058579;END!
PLE;IND_CX;ad998b98-f60b-4298-b8ac-f14ec3d6b782;45bdc166-deb2-40a4-85df-953a3ca399c0;d3f16a6b-c392-4359-b08f-2ab802ceb5c8;2020-04-01 11:44:24,060350;END!
PLE;EVAL;2020-04-01 11:44:24,042641;0.07746410369873047;0.13078999999999752;(0.4182629049434534, -4);30542633-4655-41f6-87f9-e4958fea17fe;LinearSVR(SelectFwe(MaxAbsScaler(PolynomialFeatures(data, PolynomialFeatures.degree=2, PolynomialFeatures.include_bias=False, PolynomialFeatures.interaction_only=False)), SelectFwe.alpha=0.029, SelectFwe.score_func=f_regression), LinearSVR.C=10.0, LinearSVR.dual=True, LinearSVR.epsilon=0.1, LinearSVR.loss='epsilon_insensitive', LinearSVR.tol=0.01);2020-04-01 11:44:24,172140;END!
PLE;RMV_IND;Individual 22a4a100-5b80-467c-ad6f-cdb84a62d8dd
Pipeline: DecisionTreeRegressor(Binarizer(FeatureAgglomeration(data, FeatureAgglomeration.affinity='manhattan', FeatureAgglomeration.linkage='complete'), Binarizer.threshold=1.0), DecisionTreeRegressor.max_depth=7, DecisionTreeRegressor.min_samples_leaf=15, DecisionTreeRegressor.min_samples_split=12)
Fitness: Fitness(values=(-0.003809676498600645, -3), start_time=datetime.datetime(2020, 4, 1, 11, 44, 0, 73527), wallclock_time=0.0773618221282959, process_time=0.1061639999999997);2020-04-01 11:44:24,172918;END!
PLE;IND_MUT;2a7a92d8-3888-46e9-afd5-3ecd3b00fb9c;b5c7578f-b124-4d0a-a798-11e4c4935aeb;mut_shrink;2020-04-01 11:44:24,175544;END!
PLE;EVAL;2020-04-01 11:44:24,126995;0.12640094757080078;0.22993600000000214;(-2.2664669999628853, -3);a5e72382-41a1-4d16-9f1b-525afacde9ad;LinearSVR(SelectFwe(PolynomialFeatures(data, PolynomialFeatures.degree=2, PolynomialFeatures.include_bias=False, PolynomialFeatures.interaction_only=False), SelectFwe.alpha=0.011, SelectFwe.score_func=f_regression), LinearSVR.C=10.0, LinearSVR.dual=True, LinearSVR.epsilon=0.1, LinearSVR.loss='epsilon_insensitive', LinearSVR.tol=0.01);2020-04-01 11:44:24,292295;END!
PLE;RMV_IND;Individual adf0dde3-8419-4e25-bc58-fb69efcad7aa
Pipeline: LinearSVR(PolynomialFeatures(data, PolynomialFeatures.degree=2, PolynomialFeatures.include_bias=False, PolynomialFeatures.interaction_only=False), LinearSVR.C=10.0, LinearSVR.dual=True, LinearSVR.epsilon=0.1, LinearSVR.loss='epsilon_insensitive', LinearSVR.tol=0.01)
Fitness: Fitness(values=(-12.04985641043782, -2), start_time=datetime.datetime(2020, 4, 1, 11, 44, 23, 566744), wallclock_time=0.466447114944458, process_time=0.41977400000000387);2020-04-01 11:44:24,293775;END!
PLE;IND_MUT;5edb2a74-3a2e-49cf-9ceb-7dea857c3905;a6e4accc-7cd0-4412-bfdb-a845cff71a01;mut_insert;2020-04-01 11:44:24,296644;END!
PLE;EVAL;2020-04-01 11:44:24,259536;0.0958101749420166;0.17769799999999947;(0.12355398136834228, -1);dd93163b-e21d-4171-91f0-3dfcc5faf152;LinearSVR(data, LinearSVR.C=10.0, LinearSVR.dual=True, LinearSVR.epsilon=0.1, LinearSVR.loss='epsilon_insensitive', LinearSVR.tol=0.01);2020-04-01 11:44:24,410882;END!
PLE;RMV_IND;Individual a5e72382-41a1-4d16-9f1b-525afacde9ad
Pipeline: LinearSVR(SelectFwe(PolynomialFeatures(data, PolynomialFeatures.degree=2, PolynomialFeatures.include_bias=False, PolynomialFeatures.interaction_only=False), SelectFwe.alpha=0.011, SelectFwe.score_func=f_regression), LinearSVR.C=10.0, LinearSVR.dual=True, LinearSVR.epsilon=0.1, LinearSVR.loss='epsilon_insensitive', LinearSVR.tol=0.01)
Fitness: Fitness(values=(-2.2664669999628853, -3), start_time=datetime.datetime(2020, 4, 1, 11, 44, 24, 126995), wallclock_time=0.12640094757080078, process_time=0.22993600000000214);2020-04-01 11:44:24,411424;END!
PLE;IND_MUT;13b02f77-a3db-4b1e-96f6-c762b537a65b;dd93163b-e21d-4171-91f0-3dfcc5faf152;mut_replace_primitive;2020-04-01 11:44:24,413282;END!
PLE;EVAL;2020-04-01 11:44:24,362592;0.3658409118652344;0.652470000000001;(0.47921958985525104, -1);d7731081-1dd0-4fff-953e-b5382f90fa04;ElasticNetCV(data, ElasticNetCV.l1_ratio=0.9, ElasticNetCV.tol=0.1);2020-04-01 11:44:24,739345;END!
PLE;RMV_IND;Individual 30542633-4655-41f6-87f9-e4958fea17fe
Pipeline: LinearSVR(SelectFwe(MaxAbsScaler(PolynomialFeatures(data, PolynomialFeatures.degree=2, PolynomialFeatures.include_bias=False, PolynomialFeatures.interaction_only=False)), SelectFwe.alpha=0.029, SelectFwe.score_func=f_regression), LinearSVR.C=10.0, LinearSVR.dual=True, LinearSVR.epsilon=0.1, LinearSVR.loss='epsilon_insensitive', LinearSVR.tol=0.01)
Fitness: Fitness(values=(0.4182629049434534, -4), start_time=datetime.datetime(2020, 4, 1, 11, 44, 24, 42641), wallclock_time=0.07746410369873047, process_time=0.13078999999999752);2020-04-01 11:44:24,740194;END!
PLE;IND_MUT;75a5877f-f684-4ae5-9d66-51d004b6906e;3f200c7b-1d70-4b08-a791-b056fa5d786e;mut_shrink;2020-04-01 11:44:24,742756;END!
PLE;EVAL;2020-04-01 11:44:24,735565;0.4342989921569824;0.7146180000000015;(0.4135938736222621, -2);2aee2c4b-5d96-4fc9-bb0c-91e3c8b7049a;ElasticNetCV(SelectPercentile(data, SelectPercentile.percentile=28, SelectPercentile.score_func=f_regression), ElasticNetCV.l1_ratio=0.4, ElasticNetCV.tol=0.001);2020-04-01 11:44:25,180680;END!
PLE;RMV_IND;Individual 73114067-5f49-4ed2-a15d-1bac82cd276b
Pipeline: DecisionTreeRegressor(RBFSampler(VarianceThreshold(data, VarianceThreshold.threshold=0.4), RBFSampler.gamma=0.0), DecisionTreeRegressor.max_depth=4, DecisionTreeRegressor.min_samples_leaf=15, DecisionTreeRegressor.min_samples_split=6)
Fitness: Fitness(values=(-0.003809676498600645, -3), start_time=datetime.datetime(2020, 4, 1, 11, 44, 14, 752629), wallclock_time=0.041373252868652344, process_time=0.0756240000000048);2020-04-01 11:44:25,181511;END!
PLE;IND_MUT;5e77f2a7-809c-424c-b8f2-1986062eeafa;9e810517-6a3b-421f-913b-0ea67d20cf04;mut_shrink;2020-04-01 11:44:25,184800;END!
PLE;EVAL;2020-04-01 11:44:25,177618;0.04895591735839844;0.08701199999999432;(0.034491470569561145, -2);52e0564a-b250-48b4-9183-d8d8d9a34de1;KNeighborsRegressor(VarianceThreshold(data, VarianceThreshold.threshold=0.3), KNeighborsRegressor.n_neighbors=65, KNeighborsRegressor.p=2, KNeighborsRegressor.weights='uniform');2020-04-01 11:44:25,256925;END!
PLE;RMV_IND;Individual dee53269-ffdc-4dc1-8c61-bdb877d5dc2e
Pipeline: GradientBoostingRegressor(PolynomialFeatures(data, PolynomialFeatures.degree=2, PolynomialFeatures.include_bias=False, PolynomialFeatures.interaction_only=False), GradientBoostingRegressor.alpha=0.85, GradientBoostingRegressor.learning_rate=0.5, GradientBoostingRegressor.loss='quantile', GradientBoostingRegressor.max_depth=1, GradientBoostingRegressor.max_features=0.3, GradientBoostingRegressor.min_samples_leaf=13, GradientBoostingRegressor.min_samples_split=17, GradientBoostingRegressor.n_estimators=100, GradientBoostingRegressor.subsample=0.1)
Fitness: Fitness(values=(-0.41826975810294176, -2), start_time=datetime.datetime(2020, 4, 1, 11, 44, 0, 162425), wallclock_time=0.6009068489074707, process_time=0.9655160000000009);2020-04-01 11:44:25,258336;END!
PLE;IND_MUT;f387e9b2-d8c0-4566-a277-a4d0a2bbf364;5801b6c6-5358-4473-afb3-b466210d3c30;mut_replace_terminal;2020-04-01 11:44:25,260412;END!
PLE;EVAL;2020-04-01 11:44:25,235469;0.04962801933288574;0.08669799999999839;(0.13643475286386308, -2);da00ca58-9f26-42cf-99bf-16293f52a766;KNeighborsRegressor(Normalizer(data, Normalizer.norm='max'), KNeighborsRegressor.n_neighbors=83, KNeighborsRegressor.p=1, KNeighborsRegressor.weights='distance');2020-04-01 11:44:25,321746;END!
PLE;RMV_IND;Individual d6fe7bea-842c-47ea-80ef-4a4467551ff8
Pipeline: DecisionTreeRegressor(Binarizer(VarianceThreshold(data, VarianceThreshold.threshold=0.6500000000000001), Binarizer.threshold=1.0), DecisionTreeRegressor.max_depth=8, DecisionTreeRegressor.min_samples_leaf=7, DecisionTreeRegressor.min_samples_split=17)
Fitness: Fitness(values=(0.06220440906417024, -3), start_time=datetime.datetime(2020, 4, 1, 11, 44, 13, 281739), wallclock_time=0.05362510681152344, process_time=0.0854399999999984);2020-04-01 11:44:25,322359;END!
PLE;IND_MUT;fa14c512-5d29-4563-b152-7dd2b0d0ac7d;dd93163b-e21d-4171-91f0-3dfcc5faf152;mut_replace_primitive;2020-04-01 11:44:25,323991;END!
PLE;EVAL;2020-04-01 11:44:25,292219;0.03450775146484375;0.06476599999999877;(0.19795220971843375, -1);b28cdca4-74a1-486d-8402-3afe1f592c65;KNeighborsRegressor(data, KNeighborsRegressor.n_neighbors=35, KNeighborsRegressor.p=1, KNeighborsRegressor.weights='distance');2020-04-01 11:44:25,386292;END!
PLE;RMV_IND;Individual 9186ddaa-879f-4698-b547-7a61c83f008f
Pipeline: ExtraTreesRegressor(Normalizer(Binarizer(data, Binarizer.threshold=0.9), Normalizer.norm='max'), ExtraTreesRegressor.bootstrap=True, ExtraTreesRegressor.max_features=0.05, ExtraTreesRegressor.min_samples_leaf=4, ExtraTreesRegressor.min_samples_split=17, ExtraTreesRegressor.n_estimators=100)
Fitness: Fitness(values=(0.07943063828682762, -3), start_time=datetime.datetime(2020, 4, 1, 11, 44, 18, 471201), wallclock_time=0.8063361644744873, process_time=1.3703320000000048);2020-04-01 11:44:25,388853;END!
PLE;IND_MUT;d5876a6c-98bd-4b76-8845-cbed9b584074;9196af87-9d6a-49ce-9bfb-766d2d2e7d7f;mut_replace_terminal;2020-04-01 11:44:25,391643;END!
PLE;EVAL;2020-04-01 11:44:25,333733;0.7884378433227539;1.0098259999999968;(0.3325938796544854, -1);4f8287da-1642-40ec-9e85-14c40825b244;ExtraTreesRegressor(data, ExtraTreesRegressor.bootstrap=False, ExtraTreesRegressor.max_features=0.35000000000000003, ExtraTreesRegressor.min_samples_leaf=11, ExtraTreesRegressor.min_samples_split=19, ExtraTreesRegressor.n_estimators=100);2020-04-01 11:44:26,238369;END!
PLE;RMV_IND;Individual d7d34828-0f28-45a7-8d96-4d49b8af7e05
Pipeline: KNeighborsRegressor(SelectPercentile(PolynomialFeatures(data, PolynomialFeatures.degree=2, PolynomialFeatures.include_bias=False, PolynomialFeatures.interaction_only=False), SelectPercentile.percentile=86, SelectPercentile.score_func=f_regression), KNeighborsRegressor.n_neighbors=34, KNeighborsRegressor.p=1, KNeighborsRegressor.weights='distance')
Fitness: Fitness(values=(0.24902019214170135, -3), start_time=datetime.datetime(2020, 4, 1, 11, 44, 14, 248655), wallclock_time=0.052848100662231445, process_time=0.09604399999999913);2020-04-01 11:44:26,241064;END!
PLE;IND_MUT;c96a8546-33a5-4b6b-98fc-249828c02405;da00ca58-9f26-42cf-99bf-16293f52a766;mut_insert;2020-04-01 11:44:26,243610;END!
PLE;EVAL;2020-04-01 11:44:26,172303;0.4673478603363037;0.6966940000000008;(0.47923418947867247, -1);8c241a3c-b397-44ee-b5fa-ccc7060aa743;ElasticNetCV(data, ElasticNetCV.l1_ratio=0.8, ElasticNetCV.tol=0.001);2020-04-01 11:44:26,686049;END!
PLE;RMV_IND;Individual 5ad31bd1-8174-4358-9753-395f6ac2a759
Pipeline: ElasticNetCV(Normalizer(data, Normalizer.norm='max'), ElasticNetCV.l1_ratio=0.4, ElasticNetCV.tol=0.001)
Fitness: Fitness(values=(-0.04645586759405251, -2), start_time=datetime.datetime(2020, 4, 1, 11, 43, 48, 739170), wallclock_time=0.6609609127044678, process_time=0.7713660000000001);2020-04-01 11:44:26,687102;END!
PLE;IND_MUT;14ed2ff4-519b-4686-8096-6013e6c833d5;9196af87-9d6a-49ce-9bfb-766d2d2e7d7f;mut_insert;2020-04-01 11:44:26,691154;END!
PLE;EVAL;2020-04-01 11:44:26,652121;0.11504507064819336;0.18686399999999992;(0.11750724638048116, -2);90686caf-81fb-41a0-a89a-b82e21000691;LinearSVR(SelectPercentile(data, SelectPercentile.percentile=72, SelectPercentile.score_func=f_regression), LinearSVR.C=0.5, LinearSVR.dual=True, LinearSVR.epsilon=0.001, LinearSVR.loss='squared_epsilon_insensitive', LinearSVR.tol=0.0001);2020-04-01 11:44:26,807036;END!
PLE;RMV_IND;Individual 79233c11-5884-4b57-98aa-f76b974eba55
Pipeline: KNeighborsRegressor(Nystroem(data, Nystroem.gamma=0.8, Nystroem.kernel='sigmoid', Nystroem.n_components=9), KNeighborsRegressor.n_neighbors=18, KNeighborsRegressor.p=1, KNeighborsRegressor.weights='distance')
Fitness: Fitness(values=(-0.016171104634999267, -2), start_time=datetime.datetime(2020, 4, 1, 11, 43, 49, 650188), wallclock_time=0.21619105339050293, process_time=0.14273199999999986);2020-04-01 11:44:26,808128;END!
PLE;IND_MUT;111b38ba-583e-4078-8584-2d353b627583;dc0ff705-1cd7-4912-90f9-951b220b986e;mut_replace_terminal;2020-04-01 11:44:26,811945;END!
PLE;EVAL;2020-04-01 11:44:26,776819;0.4572417736053467;0.6823660000000018;(-0.05190195800130892, -3);a9e1a753-3f5b-49e4-8b66-f343045a2d22;ElasticNetCV(PCA(Normalizer(data, Normalizer.norm='max'), PCA.iterated_power=1, PCA.svd_solver='randomized'), ElasticNetCV.l1_ratio=0.4, ElasticNetCV.tol=0.001);2020-04-01 11:44:27,245545;END!
PLE;RMV_IND;Individual a9e1a753-3f5b-49e4-8b66-f343045a2d22
Pipeline: ElasticNetCV(PCA(Normalizer(data, Normalizer.norm='max'), PCA.iterated_power=1, PCA.svd_solver='randomized'), ElasticNetCV.l1_ratio=0.4, ElasticNetCV.tol=0.001)
Fitness: Fitness(values=(-0.05190195800130892, -3), start_time=datetime.datetime(2020, 4, 1, 11, 44, 26, 776819), wallclock_time=0.4572417736053467, process_time=0.6823660000000018);2020-04-01 11:44:27,247254;END!
PLE;IND_MUT;c0082b2d-f09b-42b5-9b55-fd71e620beea;4f8287da-1642-40ec-9e85-14c40825b244;mut_replace_primitive;2020-04-01 11:44:27,252999;END!
PLE;EVAL;2020-04-01 11:44:27,240745;0.8790359497070312;0.8506199999999993;(-0.05765347995720149, -2);d25ae659-f765-4ba8-a82d-9a196859c97e;ElasticNetCV(Normalizer(data, Normalizer.norm='max'), ElasticNetCV.l1_ratio=0.8, ElasticNetCV.tol=0.001);2020-04-01 11:44:28,171120;END!
PLE;RMV_IND;Individual d25ae659-f765-4ba8-a82d-9a196859c97e
Pipeline: ElasticNetCV(Normalizer(data, Normalizer.norm='max'), ElasticNetCV.l1_ratio=0.8, ElasticNetCV.tol=0.001)
Fitness: Fitness(values=(-0.05765347995720149, -2), start_time=datetime.datetime(2020, 4, 1, 11, 44, 27, 240745), wallclock_time=0.8790359497070312, process_time=0.8506199999999993);2020-04-01 11:44:28,171951;END!
PLE;IND_MUT;aa1ca41d-8970-4f40-bbc6-5068259d0691;b28cdca4-74a1-486d-8402-3afe1f592c65;mut_replace_terminal;2020-04-01 11:44:28,175102;END!
PLE;EVAL;2020-04-01 11:44:28,136382;0.10011887550354004;0.09673599999999993;(0.4916285498976234, -2);a4868e3d-2a39-4e42-93c1-4a86d85aa37d;KNeighborsRegressor(MinMaxScaler(data), KNeighborsRegressor.n_neighbors=18, KNeighborsRegressor.p=1, KNeighborsRegressor.weights='distance');2020-04-01 11:44:28,299436;END!
PLE;RMV_IND;Individual b4e04431-c5cf-4d1c-9138-c0aca1997f92
Pipeline: ElasticNetCV(RBFSampler(data, RBFSampler.gamma=0.6000000000000001), ElasticNetCV.l1_ratio=0.4, ElasticNetCV.tol=0.001)
Fitness: Fitness(values=(-0.007832288359988393, -2), start_time=datetime.datetime(2020, 4, 1, 11, 44, 20, 606847), wallclock_time=0.8137428760528564, process_time=1.8855319999999978);2020-04-01 11:44:28,300913;END!
PLE;IND_MUT;93ac7aea-d221-4b78-bfdd-d154b7d5c107;19538762-89b3-44a5-b53a-64a32a18eec2;mut_replace_terminal;2020-04-01 11:44:28,303631;END!
PLE;EVAL;2020-04-01 11:44:28,254183;0.0609891414642334;0.09811399999999537;(0.23566357008195438, -2);adb24b40-f4b0-43ed-8266-58b034be59d0;KNeighborsRegressor(SelectPercentile(data, SelectPercentile.percentile=72, SelectPercentile.score_func=f_regression), KNeighborsRegressor.n_neighbors=29, KNeighborsRegressor.p=2, KNeighborsRegressor.weights='uniform');2020-04-01 11:44:28,365709;END!
PLE;RMV_IND;Individual ca91a3f0-7bd0-4a60-937e-874310dff99c
Pipeline: LinearSVR(data, LinearSVR.C=0.5, LinearSVR.dual=True, LinearSVR.epsilon=1.0, LinearSVR.loss='squared_epsilon_insensitive', LinearSVR.tol=0.1)
Fitness: Fitness(values=(-0.03746677495011097, -1), start_time=datetime.datetime(2020, 4, 1, 11, 44, 9, 281294), wallclock_time=0.07205796241760254, process_time=0.12024399999999957);2020-04-01 11:44:28,366581;END!
PLE;IND_MUT;f059cc41-b1a8-49db-bffc-9546abdc63f1;52e0564a-b250-48b4-9183-d8d8d9a34de1;mut_replace_terminal;2020-04-01 11:44:28,368498;END!
PLE;EVAL;2020-04-01 11:44:28,324721;0.931210994720459;2.093986000000001;(0.4548300646845074, -3);2102923e-e885-4408-8130-ea1c5dc4478b;RandomForestRegressor(PCA(MinMaxScaler(data), PCA.iterated_power=10, PCA.svd_solver='randomized'), RandomForestRegressor.bootstrap=True, RandomForestRegressor.max_features=0.4, RandomForestRegressor.min_samples_leaf=11, RandomForestRegressor.min_samples_split=17, RandomForestRegressor.n_estimators=100);2020-04-01 11:44:29,399670;END!
PLE;RMV_IND;Individual 9ce8915e-c439-4182-9704-ed870eec6b88
Pipeline: ElasticNetCV(RBFSampler(data, RBFSampler.gamma=0.4), ElasticNetCV.l1_ratio=0.4, ElasticNetCV.tol=0.001)
Fitness: Fitness(values=(-0.003809676498600645, -2), start_time=datetime.datetime(2020, 4, 1, 11, 44, 21, 431063), wallclock_time=1.7341890335083008, process_time=1.7768840000000026);2020-04-01 11:44:29,404229;END!
PLE;IND_MUT;ef0ee2e2-0cfa-4614-88ca-15eca379f961;97262022-791b-4372-8e62-bf62778e60f2;mut_replace_primitive;2020-04-01 11:44:29,406488;END!
PLE;EVAL;2020-04-01 11:44:29,305303;0.13439583778381348;0.171133999999995;(-0.018294467331128494, -3);8ae5cfb8-6548-4d5f-97e4-cf0f2637e4e1;LassoLarsCV(MinMaxScaler(FeatureAgglomeration(data, FeatureAgglomeration.affinity='l1', FeatureAgglomeration.linkage='complete')), LassoLarsCV.normalize=True);2020-04-01 11:44:29,472631;END!
PLE;RMV_IND;Individual 8ae5cfb8-6548-4d5f-97e4-cf0f2637e4e1
Pipeline: LassoLarsCV(MinMaxScaler(FeatureAgglomeration(data, FeatureAgglomeration.affinity='l1', FeatureAgglomeration.linkage='complete')), LassoLarsCV.normalize=True)
Fitness: Fitness(values=(-0.018294467331128494, -3), start_time=datetime.datetime(2020, 4, 1, 11, 44, 29, 305303), wallclock_time=0.13439583778381348, process_time=0.171133999999995);2020-04-01 11:44:29,473546;END!
PLE;IND_CX;41c4ae8f-b5dc-4f23-a3f5-022e18009e8f;90686caf-81fb-41a0-a89a-b82e21000691;2aee2c4b-5d96-4fc9-bb0c-91e3c8b7049a;2020-04-01 11:44:29,477126;END!
PLE;EVAL;2020-04-01 11:44:29,449560;0.07689499855041504;0.09479199999999821;(0.053938767423990286, -2);663ddb5f-b44f-41c1-84eb-f10bf2414af4;KNeighborsRegressor(PolynomialFeatures(data, PolynomialFeatures.degree=2, PolynomialFeatures.include_bias=False, PolynomialFeatures.interaction_only=False), KNeighborsRegressor.n_neighbors=76, KNeighborsRegressor.p=1, KNeighborsRegressor.weights='uniform');2020-04-01 11:44:29,541610;END!
PLE;RMV_IND;Individual 3f200c7b-1d70-4b08-a791-b056fa5d786e
Pipeline: DecisionTreeRegressor(FeatureAgglomeration(data, FeatureAgglomeration.affinity='euclidean', FeatureAgglomeration.linkage='complete'), DecisionTreeRegressor.max_depth=3, DecisionTreeRegressor.min_samples_leaf=17, DecisionTreeRegressor.min_samples_split=11)
Fitness: Fitness(values=(0.0029469441577031352, -2), start_time=datetime.datetime(2020, 4, 1, 11, 44, 13, 466316), wallclock_time=0.058219194412231445, process_time=0.08979400000000481);2020-04-01 11:44:29,542686;END!
PLE;IND_MUT;6ccedbeb-0249-48cf-87b9-c222d1ea0ff4;9e810517-6a3b-421f-913b-0ea67d20cf04;mut_replace_terminal;2020-04-01 11:44:29,545826;END!
PLE;EVAL;2020-04-01 11:44:29,539283;0.09951376914978027;0.18789199999999795;(-0.9104938774378004, -2);4899ba64-b9fc-45c6-9e38-64a42dc6f312;LinearSVR(SelectPercentile(data, SelectPercentile.percentile=72, SelectPercentile.score_func=f_regression), LinearSVR.C=0.5, LinearSVR.dual=True, LinearSVR.epsilon=0.001, LinearSVR.loss='squared_epsilon_insensitive', LinearSVR.tol=0.0001);2020-04-01 11:44:29,665658;END!
PLE;RMV_IND;Individual b5c7578f-b124-4d0a-a798-11e4c4935aeb
Pipeline: RandomForestRegressor(RBFSampler(SelectPercentile(data, SelectPercentile.percentile=96, SelectPercentile.score_func=f_regression), RBFSampler.gamma=0.05), RandomForestRegressor.bootstrap=True, RandomForestRegressor.max_features=0.5, RandomForestRegressor.min_samples_leaf=17, RandomForestRegressor.min_samples_split=2, RandomForestRegressor.n_estimators=100)
Fitness: Fitness(values=(0.3372262904383876, -3), start_time=datetime.datetime(2020, 4, 1, 11, 44, 5, 749496), wallclock_time=3.4945619106292725, process_time=4.143283999999998);2020-04-01 11:44:29,666585;END!
PLE;IND_MUT;05f82ffa-7c34-4f9b-80bb-cd2428184eac;d3f16a6b-c392-4359-b08f-2ab802ceb5c8;mut_shrink;2020-04-01 11:44:29,670190;END!
PLE;EVAL;2020-04-01 11:44:29,652102;1.1186609268188477;2.0223039999999983;(0.43685437980965214, -3);7045935d-e9cd-45fa-81e7-34fe9b461d6e;RandomForestRegressor(PCA(MinMaxScaler(data), PCA.iterated_power=7, PCA.svd_solver='randomized'), RandomForestRegressor.bootstrap=True, RandomForestRegressor.max_features=0.1, RandomForestRegressor.min_samples_leaf=4, RandomForestRegressor.min_samples_split=16, RandomForestRegressor.n_estimators=100);2020-04-01 11:44:30,867069;END!
PLE;RMV_IND;Individual 4899ba64-b9fc-45c6-9e38-64a42dc6f312
Pipeline: LinearSVR(SelectPercentile(data, SelectPercentile.percentile=72, SelectPercentile.score_func=f_regression), LinearSVR.C=0.5, LinearSVR.dual=True, LinearSVR.epsilon=0.001, LinearSVR.loss='squared_epsilon_insensitive', LinearSVR.tol=0.0001)
Fitness: Fitness(values=(-0.9104938774378004, -2), start_time=datetime.datetime(2020, 4, 1, 11, 44, 29, 539283), wallclock_time=0.09951376914978027, process_time=0.18789199999999795);2020-04-01 11:44:30,869301;END!
PLE;IND_CX;94179d55-7fe6-4209-a4c9-02464f1bda3b;9e810517-6a3b-421f-913b-0ea67d20cf04;adb24b40-f4b0-43ed-8266-58b034be59d0;2020-04-01 11:44:30,871101;END!
PLE;EVAL;2020-04-01 11:44:30,812763;0.7472431659698486;0.9668380000000028;(-0.04913485953238639, -1);6856a1e9-c94e-405d-ada3-83a339e6c633;GradientBoostingRegressor(data, GradientBoostingRegressor.alpha=0.85, GradientBoostingRegressor.learning_rate=0.5, GradientBoostingRegressor.loss='quantile', GradientBoostingRegressor.max_depth=1, GradientBoostingRegressor.max_features=0.3, GradientBoostingRegressor.min_samples_leaf=13, GradientBoostingRegressor.min_samples_split=17, GradientBoostingRegressor.n_estimators=100, GradientBoostingRegressor.subsample=0.1);2020-04-01 11:44:31,676466;END!
PLE;RMV_IND;Individual e3d82f60-7264-4937-9ea6-31f4452f96ef
Pipeline: AdaBoostRegressor(SelectFwe(VarianceThreshold(data, VarianceThreshold.threshold=0.1), SelectFwe.alpha=0.019, SelectFwe.score_func=f_regression), AdaBoostRegressor.learning_rate=1.0, AdaBoostRegressor.loss='exponential', AdaBoostRegressor.n_estimators=100)
Fitness: Fitness(values=(0.3867354379466883, -3), start_time=datetime.datetime(2020, 4, 1, 11, 44, 16, 966434), wallclock_time=1.4067399501800537, process_time=1.788333999999999);2020-04-01 11:44:31,683411;END!
PLE;IND_MUT;bd2ff260-85be-466c-98e6-da5d3f25cb0a;adb24b40-f4b0-43ed-8266-58b034be59d0;mut_shrink;2020-04-01 11:44:31,686496;END!
PLE;EVAL;2020-04-01 11:44:31,594670;0.40965986251831055;0.27435799999999944;(0.47876349066510193, -1);aa2979cb-0a64-44b1-ad9a-58796f4b1453;LassoLarsCV(data, LassoLarsCV.normalize=False);2020-04-01 11:44:32,022675;END!
PLE;RMV_IND;Individual 52e0564a-b250-48b4-9183-d8d8d9a34de1
Pipeline: KNeighborsRegressor(VarianceThreshold(data, VarianceThreshold.threshold=0.3), KNeighborsRegressor.n_neighbors=65, KNeighborsRegressor.p=2, KNeighborsRegressor.weights='uniform')
Fitness: Fitness(values=(0.034491470569561145, -2), start_time=datetime.datetime(2020, 4, 1, 11, 44, 25, 177618), wallclock_time=0.04895591735839844, process_time=0.08701199999999432);2020-04-01 11:44:32,023517;END!
PLE;IND_MUT;2e810b9e-f25b-4564-876d-bed8192ebb5a;b7fe1e62-777c-440e-a1ab-25099d48330f;mut_replace_terminal;2020-04-01 11:44:32,026285;END!
PLE;EVAL;2020-04-01 11:44:32,013826;0.12191200256347656;0.20076999999999856;(-0.15481283698533366, -1);17abb0ca-d055-4b89-a096-f29c98e8ed40;LinearSVR(data, LinearSVR.C=0.5, LinearSVR.dual=True, LinearSVR.epsilon=0.001, LinearSVR.loss='squared_epsilon_insensitive', LinearSVR.tol=0.0001);2020-04-01 11:44:32,192276;END!
PLE;RMV_IND;Individual 17abb0ca-d055-4b89-a096-f29c98e8ed40
Pipeline: LinearSVR(data, LinearSVR.C=0.5, LinearSVR.dual=True, LinearSVR.epsilon=0.001, LinearSVR.loss='squared_epsilon_insensitive', LinearSVR.tol=0.0001)
Fitness: Fitness(values=(-0.15481283698533366, -1), start_time=datetime.datetime(2020, 4, 1, 11, 44, 32, 13826), wallclock_time=0.12191200256347656, process_time=0.20076999999999856);2020-04-01 11:44:32,193135;END!
PLE;IND_MUT;680079f9-5323-4e22-8b4c-cedd0258e11a;8c241a3c-b397-44ee-b5fa-ccc7060aa743;mut_replace_primitive;2020-04-01 11:44:32,196127;END!
PLE;EVAL;2020-04-01 11:44:32,144809;4.5988898277282715;6.290678000000007;(0.41120483329072055, -1);29f989f6-0a26-4c43-9652-92bc58e98918;GradientBoostingRegressor(data, GradientBoostingRegressor.alpha=0.8, GradientBoostingRegressor.learning_rate=0.01, GradientBoostingRegressor.loss='huber', GradientBoostingRegressor.max_depth=8, GradientBoostingRegressor.max_features=0.2, GradientBoostingRegressor.min_samples_leaf=6, GradientBoostingRegressor.min_samples_split=5, GradientBoostingRegressor.n_estimators=100, GradientBoostingRegressor.subsample=0.7500000000000001);2020-04-01 11:44:36,901132;END!
PLE;RMV_IND;Individual 663ddb5f-b44f-41c1-84eb-f10bf2414af4
Pipeline: KNeighborsRegressor(PolynomialFeatures(data, PolynomialFeatures.degree=2, PolynomialFeatures.include_bias=False, PolynomialFeatures.interaction_only=False), KNeighborsRegressor.n_neighbors=76, KNeighborsRegressor.p=1, KNeighborsRegressor.weights='uniform')
Fitness: Fitness(values=(0.053938767423990286, -2), start_time=datetime.datetime(2020, 4, 1, 11, 44, 29, 449560), wallclock_time=0.07689499855041504, process_time=0.09479199999999821);2020-04-01 11:44:36,903471;END!
PLE;IND_MUT;ace8ddd7-9dbe-48d0-bc99-695e02347c36;90686caf-81fb-41a0-a89a-b82e21000691;mut_shrink;2020-04-01 11:44:36,906482;END!
PLE;EVAL;2020-04-01 11:44:36,811309;0.5645558834075928;0.7273220000000009;(0.47760391915238465, -1);e189e350-c1d1-4fbd-8995-00ef1795f661;ElasticNetCV(data, ElasticNetCV.l1_ratio=0.15000000000000002, ElasticNetCV.tol=0.01);2020-04-01 11:44:37,393964;END!
PLE;RMV_IND;Individual 6856a1e9-c94e-405d-ada3-83a339e6c633
Pipeline: GradientBoostingRegressor(data, GradientBoostingRegressor.alpha=0.85, GradientBoostingRegressor.learning_rate=0.5, GradientBoostingRegressor.loss='quantile', GradientBoostingRegressor.max_depth=1, GradientBoostingRegressor.max_features=0.3, GradientBoostingRegressor.min_samples_leaf=13, GradientBoostingRegressor.min_samples_split=17, GradientBoostingRegressor.n_estimators=100, GradientBoostingRegressor.subsample=0.1)
Fitness: Fitness(values=(-0.04913485953238639, -1), start_time=datetime.datetime(2020, 4, 1, 11, 44, 30, 812763), wallclock_time=0.7472431659698486, process_time=0.9668380000000028);2020-04-01 11:44:37,394882;END!
PLE;IND_MUT;2ae4e52f-9476-4200-a45b-fdd72c6c3ee6;da00ca58-9f26-42cf-99bf-16293f52a766;mut_insert;2020-04-01 11:44:37,397929;END!
PLE;EVAL;2020-04-01 11:44:37,383115;1.9845731258392334;2.0487579999999923;(0.015853924510163653, -3);8cbb5103-0ecb-4fb8-8844-38e22d3fccff;ElasticNetCV(PolynomialFeatures(Normalizer(data, Normalizer.norm='max'), PolynomialFeatures.degree=2, PolynomialFeatures.include_bias=False, PolynomialFeatures.interaction_only=False), ElasticNetCV.l1_ratio=0.4, ElasticNetCV.tol=0.001);2020-04-01 11:44:39,386218;END!
PLE;RMV_IND;Individual 8cbb5103-0ecb-4fb8-8844-38e22d3fccff
Pipeline: ElasticNetCV(PolynomialFeatures(Normalizer(data, Normalizer.norm='max'), PolynomialFeatures.degree=2, PolynomialFeatures.include_bias=False, PolynomialFeatures.interaction_only=False), ElasticNetCV.l1_ratio=0.4, ElasticNetCV.tol=0.001)
Fitness: Fitness(values=(0.015853924510163653, -3), start_time=datetime.datetime(2020, 4, 1, 11, 44, 37, 383115), wallclock_time=1.9845731258392334, process_time=2.0487579999999923);2020-04-01 11:44:39,387356;END!
PLE;IND_MUT;3487a301-f2cf-4e0b-afa5-cf5a643b3006;9196af87-9d6a-49ce-9bfb-766d2d2e7d7f;mut_insert;2020-04-01 11:44:39,389986;END!
PLE;EVAL;2020-04-01 11:44:39,373955;0.03055405616760254;0.02015199999999595;(-inf, -3);0e576c03-abe1-4710-9689-592a968f7d2c;ElasticNetCV(Normalizer(Nystroem(data, Nystroem.gamma=0.7000000000000001, Nystroem.kernel='additive_chi2', Nystroem.n_components=4), Normalizer.norm='max'), ElasticNetCV.l1_ratio=0.4, ElasticNetCV.tol=0.001);2020-04-01 11:44:39,451156;END!
PLE;EVAL_ERR;2020-04-01 11:44:39,374313;Pipeline(memory=None,         steps=[('4',                 TargetEncoder(cols=[], drop_invariant=False,                               handle_missing='value', handle_unknown='value',                               min_samples_leaf=1, return_df=True,                               smoothing=1.0, verbose=0)),                ('3',                 SimpleImputer(add_indicator=False, copy=True, fill_value=None,                               missing_values=nan, strategy='median',                               verbose=0)),                ('2',                 Nystroem(coef0=None, degree=None, gamma=0.700000000...                          kernel='additive_chi2', kernel_params=None,                          n_components=4, random_state=None)),                ('1', Normalizer(copy=True, norm='max')),                ('0',                 ElasticNetCV(alphas=None, copy_X=True, cv=None, eps=0.001,                              fit_intercept=True, l1_ratio=0.4, max_iter=1000,                              n_alphas=100, n_jobs=None, normalize=False,                              positive=False, precompute='auto',                              random_state=None, selection='cyclic', tol=0.001,                              verbose=0))],         verbose=False);<class 'ValueError'>;X contains negative values.;2020-04-01 11:44:39,404216;END!
PLE;RMV_IND;Individual 0e576c03-abe1-4710-9689-592a968f7d2c
Pipeline: ElasticNetCV(Normalizer(Nystroem(data, Nystroem.gamma=0.7000000000000001, Nystroem.kernel='additive_chi2', Nystroem.n_components=4), Normalizer.norm='max'), ElasticNetCV.l1_ratio=0.4, ElasticNetCV.tol=0.001)
Fitness: Fitness(values=(-inf, -3), start_time=datetime.datetime(2020, 4, 1, 11, 44, 39, 373955), wallclock_time=0.03055405616760254, process_time=0.02015199999999595);2020-04-01 11:44:39,452322;END!
PLE;IND_MUT;3cb9586d-e058-480a-b558-02842a7918f5;a6e4accc-7cd0-4412-bfdb-a845cff71a01;mut_replace_terminal;2020-04-01 11:44:39,454092;END!
PLE;PE;search;AsyncEA;2020-04-01 11:44:40,802709;END!
PLE;PS;postprocess;BestFitPostProcessing;2020-04-01 11:44:40,804615;END!
PLE;PE;postprocess;BestFitPostProcessing;2020-04-01 11:44:41,027673;END!
