[2022-02-16 12:27:25,673 - gama.gama] Using GAMA version 20.2.1.
[2022-02-16 12:27:25,673 - gama.gama] INIT:GamaRegressor(scoring=r2,regularize_length=True,max_pipeline_length=None,random_state=None,max_total_time=60,max_eval_time=None,n_jobs=1,max_memory_mb=None,verbosity=30,search=AsyncEA(),post_processing=BestFitPostProcessing(),output_directory=gama_log,store=logs)
[2022-02-16 12:27:25,676 - gama.utilities.generic.timekeeper] START: preprocessing default
[2022-02-16 12:27:25,677 - gama.utilities.generic.timekeeper] STOP: preprocessing default after 0.0008s.
[2022-02-16 12:27:25,677 - gama.utilities.generic.timekeeper] START: search AsyncEA
[2022-02-16 12:27:25,729 - gama.utilities.generic.async_evaluator] Process 59563 starting 1 subprocesses.
[2022-02-16 12:27:25,736 - gama.search_methods.async_ea] Starting EA with new population.
[2022-02-16 12:27:28,882 - gama.genetic_programming.operator_set] 50 iterations of mate_with_log did not yield new ind.
[2022-02-16 12:27:29,012 - gama.genetic_programming.operator_set] 50 iterations of mate_with_log did not yield new ind.
[2022-02-16 12:27:29,505 - gama.genetic_programming.operator_set] 50 iterations of mate_with_log did not yield new ind.
[2022-02-16 12:27:30,756 - gama.genetic_programming.operator_set] 50 iterations of mate_with_log did not yield new ind.
[2022-02-16 12:27:31,017 - gama.genetic_programming.operator_set] 50 iterations of mate_with_log did not yield new ind.
[2022-02-16 12:27:32,011 - gama.genetic_programming.operator_set] 50 iterations of mate_with_log did not yield new ind.
[2022-02-16 12:27:33,782 - gama.genetic_programming.operator_set] 50 iterations of mate_with_log did not yield new ind.
[2022-02-16 12:27:33,947 - gama.genetic_programming.operator_set] 50 iterations of mate_with_log did not yield new ind.
[2022-02-16 12:27:34,561 - gama.genetic_programming.operator_set] 50 iterations of mate_with_log did not yield new ind.
[2022-02-16 12:27:34,626 - gama.genetic_programming.operator_set] 50 iterations of mate_with_log did not yield new ind.
[2022-02-16 12:27:35,077 - gama.genetic_programming.operator_set] 50 iterations of mate_with_log did not yield new ind.
[2022-02-16 12:27:35,592 - gama.genetic_programming.operator_set] 50 iterations of mate_with_log did not yield new ind.
[2022-02-16 12:27:39,825 - gama.genetic_programming.operator_set] 50 iterations of mate_with_log did not yield new ind.
[2022-02-16 12:27:40,360 - gama.genetic_programming.operator_set] 50 iterations of mate_with_log did not yield new ind.
[2022-02-16 12:27:40,489 - gama.genetic_programming.operator_set] 50 iterations of mate_with_log did not yield new ind.
[2022-02-16 12:27:41,307 - gama.genetic_programming.operator_set] 50 iterations of mate_with_log did not yield new ind.
[2022-02-16 12:27:42,409 - gama.genetic_programming.operator_set] 50 iterations of mate_with_log did not yield new ind.
[2022-02-16 12:27:42,583 - gama.genetic_programming.operator_set] 50 iterations of mate_with_log did not yield new ind.
[2022-02-16 12:27:42,775 - gama.genetic_programming.operator_set] 50 iterations of mate_with_log did not yield new ind.
[2022-02-16 12:27:44,783 - gama.genetic_programming.operator_set] 50 iterations of mate_with_log did not yield new ind.
[2022-02-16 12:27:44,825 - gama.genetic_programming.operator_set] 50 iterations of mate_with_log did not yield new ind.
[2022-02-16 12:27:45,033 - gama.genetic_programming.operator_set] 50 iterations of mate_with_log did not yield new ind.
[2022-02-16 12:27:48,408 - gama.genetic_programming.operator_set] 50 iterations of mate_with_log did not yield new ind.
[2022-02-16 12:27:48,492 - gama.genetic_programming.operator_set] 50 iterations of mate_with_log did not yield new ind.
[2022-02-16 12:27:49,392 - gama.genetic_programming.operator_set] 50 iterations of mate_with_log did not yield new ind.
[2022-02-16 12:27:50,812 - gama.genetic_programming.operator_set] 50 iterations of mate_with_log did not yield new ind.
[2022-02-16 12:27:50,859 - gama.genetic_programming.operator_set] 50 iterations of mate_with_log did not yield new ind.
[2022-02-16 12:27:51,603 - gama.genetic_programming.operator_set] 50 iterations of mate_with_log did not yield new ind.
[2022-02-16 12:27:52,549 - gama.genetic_programming.operator_set] 50 iterations of mate_with_log did not yield new ind.
[2022-02-16 12:27:52,951 - gama.genetic_programming.operator_set] 50 iterations of mate_with_log did not yield new ind.
[2022-02-16 12:27:54,225 - gama.genetic_programming.operator_set] 50 iterations of mate_with_log did not yield new ind.
[2022-02-16 12:27:54,469 - gama.genetic_programming.operator_set] 50 iterations of mate_with_log did not yield new ind.
[2022-02-16 12:27:54,508 - gama.genetic_programming.operator_set] 50 iterations of mate_with_log did not yield new ind.
[2022-02-16 12:27:55,404 - gama.genetic_programming.operator_set] 50 iterations of mate_with_log did not yield new ind.
[2022-02-16 12:27:56,718 - gama.genetic_programming.operator_set] 50 iterations of mate_with_log did not yield new ind.
[2022-02-16 12:27:56,838 - gama.genetic_programming.operator_set] 50 iterations of mate_with_log did not yield new ind.
[2022-02-16 12:27:56,929 - gama.genetic_programming.operator_set] 50 iterations of mate_with_log did not yield new ind.
[2022-02-16 12:27:56,979 - gama.genetic_programming.operator_set] 50 iterations of mate_with_log did not yield new ind.
[2022-02-16 12:27:58,264 - gama.genetic_programming.operator_set] 50 iterations of mate_with_log did not yield new ind.
[2022-02-16 12:27:59,000 - gama.genetic_programming.operator_set] 50 iterations of mate_with_log did not yield new ind.
[2022-02-16 12:27:59,853 - gama.genetic_programming.operator_set] 50 iterations of mate_with_log did not yield new ind.
[2022-02-16 12:28:00,125 - gama.genetic_programming.operator_set] 50 iterations of mate_with_log did not yield new ind.
[2022-02-16 12:28:00,499 - gama.genetic_programming.operator_set] 50 iterations of mate_with_log did not yield new ind.
[2022-02-16 12:28:00,865 - gama.genetic_programming.operator_set] 50 iterations of mate_with_log did not yield new ind.
[2022-02-16 12:28:00,958 - gama.genetic_programming.operator_set] 50 iterations of mate_with_log did not yield new ind.
[2022-02-16 12:28:01,313 - gama.genetic_programming.operator_set] 50 iterations of mate_with_log did not yield new ind.
[2022-02-16 12:28:01,521 - gama.genetic_programming.operator_set] 50 iterations of mate_with_log did not yield new ind.
[2022-02-16 12:28:02,044 - gama.genetic_programming.operator_set] 50 iterations of mate_with_log did not yield new ind.
[2022-02-16 12:28:02,237 - gama.genetic_programming.operator_set] 50 iterations of mate_with_log did not yield new ind.
[2022-02-16 12:28:02,375 - gama.genetic_programming.operator_set] 50 iterations of mate_with_log did not yield new ind.
[2022-02-16 12:28:04,241 - gama.genetic_programming.operator_set] 50 iterations of mate_with_log did not yield new ind.
[2022-02-16 12:28:05,519 - gama.genetic_programming.operator_set] 50 iterations of mate_with_log did not yield new ind.
[2022-02-16 12:28:05,582 - gama.genetic_programming.operator_set] 50 iterations of mate_with_log did not yield new ind.
[2022-02-16 12:28:05,875 - gama.genetic_programming.operator_set] 50 iterations of mate_with_log did not yield new ind.
[2022-02-16 12:28:06,106 - gama.genetic_programming.operator_set] 50 iterations of mate_with_log did not yield new ind.
[2022-02-16 12:28:07,018 - gama.genetic_programming.operator_set] 50 iterations of mate_with_log did not yield new ind.
[2022-02-16 12:28:09,281 - gama.genetic_programming.operator_set] 50 iterations of mate_with_log did not yield new ind.
[2022-02-16 12:28:09,822 - gama.genetic_programming.operator_set] 50 iterations of mate_with_log did not yield new ind.
[2022-02-16 12:28:09,884 - gama.genetic_programming.operator_set] 50 iterations of mate_with_log did not yield new ind.
[2022-02-16 12:28:09,982 - gama.genetic_programming.operator_set] 50 iterations of mate_with_log did not yield new ind.
[2022-02-16 12:28:11,060 - gama.genetic_programming.operator_set] 50 iterations of mate_with_log did not yield new ind.
[2022-02-16 12:28:11,376 - gama.genetic_programming.operator_set] 50 iterations of mate_with_log did not yield new ind.
[2022-02-16 12:28:11,908 - gama.genetic_programming.operator_set] 50 iterations of mate_with_log did not yield new ind.
[2022-02-16 12:28:12,078 - gama.genetic_programming.operator_set] 50 iterations of mate_with_log did not yield new ind.
[2022-02-16 12:28:12,339 - gama.genetic_programming.operator_set] 50 iterations of mate_with_log did not yield new ind.
[2022-02-16 12:28:12,434 - gama.genetic_programming.operator_set] 50 iterations of mate_with_log did not yield new ind.
[2022-02-16 12:28:13,139 - gama.genetic_programming.operator_set] 50 iterations of mate_with_log did not yield new ind.
[2022-02-16 12:28:14,053 - gama.genetic_programming.operator_set] 50 iterations of mate_with_log did not yield new ind.
[2022-02-16 12:28:14,275 - gama.genetic_programming.operator_set] 50 iterations of mate_with_log did not yield new ind.
[2022-02-16 12:28:15,020 - gama.genetic_programming.operator_set] 50 iterations of mate_with_log did not yield new ind.
[2022-02-16 12:28:15,038 - gama.genetic_programming.operator_set] 50 iterations of mate_with_log did not yield new ind.
[2022-02-16 12:28:15,933 - gama.genetic_programming.operator_set] 50 iterations of mate_with_log did not yield new ind.
[2022-02-16 12:28:16,109 - gama.genetic_programming.operator_set] 50 iterations of mate_with_log did not yield new ind.
[2022-02-16 12:28:16,119 - gama.genetic_programming.operator_set] 50 iterations of mate_with_log did not yield new ind.
[2022-02-16 12:28:16,220 - gama.genetic_programming.operator_set] 50 iterations of mate_with_log did not yield new ind.
[2022-02-16 12:28:16,815 - gama.genetic_programming.operator_set] 50 iterations of mate_with_log did not yield new ind.
[2022-02-16 12:28:18,677 - gama.gama] Time exceeded during callback, but exception was swallowed.
[2022-02-16 12:28:18,677 - gama.utilities.generic.async_evaluator] Terminating 1 subprocesses.
[2022-02-16 12:28:18,762 - gama.gama] Search phase evaluated 43339 individuals.
[2022-02-16 12:28:18,762 - gama.utilities.generic.timekeeper] STOP: search AsyncEA after 53.0850s.
[2022-02-16 12:28:18,762 - gama.utilities.generic.timekeeper] START: postprocess BestFitPostProcessing
[2022-02-16 12:28:18,783 - gama.utilities.generic.timekeeper] STOP: postprocess BestFitPostProcessing after 0.0205s.
[2022-02-16 12:28:24,704 - gama] Removing StreamHandlers registered by previous GAMA instance(s).
[2022-02-16 12:28:24,704 - gama.gama] Using GAMA version 20.2.1.
[2022-02-16 12:28:24,704 - gama.gama] INIT:GamaClassifier(scoring=accuracy,regularize_length=True,max_pipeline_length=None,random_state=None,max_total_time=60,max_eval_time=None,n_jobs=2,max_memory_mb=None,verbosity=20,search=AsyncEA(),post_processing=BestFitPostProcessing(),output_directory=gama_log2,store=logs)
[2022-02-16 12:28:24,718 - gama.utilities.generic.timekeeper] START: preprocessing default
[2022-02-16 12:28:24,805 - gama.utilities.generic.timekeeper] STOP: preprocessing default after 0.0865s.
[2022-02-16 12:28:24,806 - gama.utilities.generic.timekeeper] START: search AsyncEA
[2022-02-16 12:28:24,857 - gama.utilities.generic.async_evaluator] Process 59563 starting 2 subprocesses.
[2022-02-16 12:28:26,264 - gama.search_methods.async_ea] Starting EA with new population.
[2022-02-16 12:28:27,120 - gama.genetic_programming.operator_set] 50 iterations of mate_with_log did not yield new ind.
[2022-02-16 12:28:27,221 - gama.genetic_programming.operator_set] 50 iterations of mate_with_log did not yield new ind.
[2022-02-16 12:28:27,382 - gama.genetic_programming.operator_set] 50 iterations of mate_with_log did not yield new ind.
[2022-02-16 12:28:27,494 - gama.genetic_programming.operator_set] 50 iterations of mate_with_log did not yield new ind.
[2022-02-16 12:28:27,786 - gama.genetic_programming.operator_set] 50 iterations of mate_with_log did not yield new ind.
[2022-02-16 12:28:27,848 - gama.genetic_programming.operator_set] 50 iterations of mate_with_log did not yield new ind.
[2022-02-16 12:28:28,438 - gama.genetic_programming.operator_set] 50 iterations of mate_with_log did not yield new ind.
[2022-02-16 12:28:28,592 - gama.genetic_programming.operator_set] 50 iterations of mate_with_log did not yield new ind.
[2022-02-16 12:28:28,907 - gama.genetic_programming.operator_set] 50 iterations of mate_with_log did not yield new ind.
[2022-02-16 12:28:30,043 - gama.genetic_programming.operator_set] 50 iterations of mate_with_log did not yield new ind.
[2022-02-16 12:28:30,396 - gama.genetic_programming.operator_set] 50 iterations of mate_with_log did not yield new ind.
[2022-02-16 12:28:30,701 - gama.genetic_programming.operator_set] 50 iterations of mate_with_log did not yield new ind.
[2022-02-16 12:28:30,744 - gama.genetic_programming.operator_set] 50 iterations of mate_with_log did not yield new ind.
[2022-02-16 12:28:31,744 - gama.genetic_programming.operator_set] 50 iterations of mate_with_log did not yield new ind.
[2022-02-16 12:28:32,883 - gama.genetic_programming.operator_set] 50 iterations of mate_with_log did not yield new ind.
[2022-02-16 12:28:33,703 - gama.genetic_programming.operator_set] 50 iterations of mate_with_log did not yield new ind.
[2022-02-16 12:28:33,942 - gama.genetic_programming.operator_set] 50 iterations of mate_with_log did not yield new ind.
[2022-02-16 12:28:34,083 - gama.genetic_programming.operator_set] 50 iterations of mate_with_log did not yield new ind.
[2022-02-16 12:28:34,553 - gama.genetic_programming.operator_set] 50 iterations of mate_with_log did not yield new ind.
[2022-02-16 12:28:34,911 - gama.genetic_programming.operator_set] 50 iterations of mate_with_log did not yield new ind.
[2022-02-16 12:28:36,708 - gama.genetic_programming.operator_set] 50 iterations of mate_with_log did not yield new ind.
[2022-02-16 12:28:38,405 - gama.genetic_programming.operator_set] 50 iterations of mate_with_log did not yield new ind.
[2022-02-16 12:28:38,803 - gama.genetic_programming.operator_set] 50 iterations of mate_with_log did not yield new ind.
[2022-02-16 12:28:38,949 - gama.genetic_programming.operator_set] 50 iterations of mate_with_log did not yield new ind.
[2022-02-16 12:28:40,071 - gama.genetic_programming.operator_set] 50 iterations of mate_with_log did not yield new ind.
[2022-02-16 12:28:40,099 - gama.genetic_programming.operator_set] 50 iterations of mate_with_log did not yield new ind.
[2022-02-16 12:28:40,729 - gama.genetic_programming.operator_set] 50 iterations of mate_with_log did not yield new ind.
[2022-02-16 12:28:40,835 - gama.genetic_programming.operator_set] 50 iterations of mate_with_log did not yield new ind.
[2022-02-16 12:28:40,891 - gama.genetic_programming.operator_set] 50 iterations of mate_with_log did not yield new ind.
[2022-02-16 12:28:40,946 - gama.genetic_programming.operator_set] 50 iterations of mate_with_log did not yield new ind.
[2022-02-16 12:28:41,834 - gama.genetic_programming.operator_set] 50 iterations of mate_with_log did not yield new ind.
[2022-02-16 12:28:42,776 - gama.genetic_programming.operator_set] 50 iterations of mate_with_log did not yield new ind.
[2022-02-16 12:28:42,969 - gama.genetic_programming.operator_set] 50 iterations of mate_with_log did not yield new ind.
[2022-02-16 12:28:42,986 - gama.genetic_programming.operator_set] 50 iterations of mate_with_log did not yield new ind.
[2022-02-16 12:28:43,392 - gama.genetic_programming.operator_set] 50 iterations of mate_with_log did not yield new ind.
[2022-02-16 12:28:43,794 - gama.genetic_programming.operator_set] 50 iterations of mate_with_log did not yield new ind.
[2022-02-16 12:28:43,798 - gama.genetic_programming.operator_set] 50 iterations of mate_with_log did not yield new ind.
[2022-02-16 12:28:44,442 - gama.genetic_programming.operator_set] 50 iterations of mate_with_log did not yield new ind.
[2022-02-16 12:28:44,611 - gama.genetic_programming.operator_set] 50 iterations of mate_with_log did not yield new ind.
[2022-02-16 12:28:44,805 - gama.genetic_programming.operator_set] 50 iterations of mate_with_log did not yield new ind.
[2022-02-16 12:28:45,590 - gama.genetic_programming.operator_set] 50 iterations of mate_with_log did not yield new ind.
[2022-02-16 12:28:45,656 - gama.genetic_programming.operator_set] 50 iterations of mate_with_log did not yield new ind.
[2022-02-16 12:28:45,683 - gama.genetic_programming.operator_set] 50 iterations of mate_with_log did not yield new ind.
[2022-02-16 12:28:46,679 - gama.genetic_programming.operator_set] 50 iterations of mate_with_log did not yield new ind.
[2022-02-16 12:28:48,034 - gama.genetic_programming.operator_set] 50 iterations of mate_with_log did not yield new ind.
[2022-02-16 12:28:48,536 - gama.genetic_programming.operator_set] 50 iterations of mate_with_log did not yield new ind.
[2022-02-16 12:28:48,558 - gama.genetic_programming.operator_set] 50 iterations of mate_with_log did not yield new ind.
[2022-02-16 12:28:50,064 - gama.genetic_programming.operator_set] 50 iterations of mate_with_log did not yield new ind.
[2022-02-16 12:28:50,946 - gama.genetic_programming.operator_set] 50 iterations of mate_with_log did not yield new ind.
[2022-02-16 12:28:51,353 - gama.genetic_programming.operator_set] 50 iterations of mate_with_log did not yield new ind.
[2022-02-16 12:28:51,728 - gama.genetic_programming.operator_set] 50 iterations of mate_with_log did not yield new ind.
[2022-02-16 12:28:51,950 - gama.genetic_programming.operator_set] 50 iterations of mate_with_log did not yield new ind.
[2022-02-16 12:28:52,041 - gama.genetic_programming.operator_set] 50 iterations of mate_with_log did not yield new ind.
[2022-02-16 12:28:52,382 - gama.genetic_programming.operator_set] 50 iterations of mate_with_log did not yield new ind.
[2022-02-16 12:28:52,812 - gama.genetic_programming.operator_set] 50 iterations of mate_with_log did not yield new ind.
[2022-02-16 12:28:53,105 - gama.genetic_programming.operator_set] 50 iterations of mate_with_log did not yield new ind.
[2022-02-16 12:28:53,241 - gama.genetic_programming.operator_set] 50 iterations of mate_with_log did not yield new ind.
[2022-02-16 12:28:53,263 - gama.genetic_programming.operator_set] 50 iterations of mate_with_log did not yield new ind.
[2022-02-16 12:28:53,317 - gama.genetic_programming.operator_set] 50 iterations of mate_with_log did not yield new ind.
[2022-02-16 12:28:53,511 - gama.genetic_programming.operator_set] 50 iterations of mate_with_log did not yield new ind.
[2022-02-16 12:28:53,977 - gama.genetic_programming.operator_set] 50 iterations of mate_with_log did not yield new ind.
[2022-02-16 12:28:54,069 - gama.genetic_programming.operator_set] 50 iterations of mate_with_log did not yield new ind.
[2022-02-16 12:28:54,352 - gama.genetic_programming.operator_set] 50 iterations of mate_with_log did not yield new ind.
[2022-02-16 12:28:54,746 - gama.genetic_programming.operator_set] 50 iterations of mate_with_log did not yield new ind.
[2022-02-16 12:28:55,591 - gama.genetic_programming.operator_set] 50 iterations of mate_with_log did not yield new ind.
[2022-02-16 12:28:55,594 - gama.genetic_programming.operator_set] 50 iterations of mate_with_log did not yield new ind.
[2022-02-16 12:28:55,602 - gama.genetic_programming.operator_set] 50 iterations of mate_with_log did not yield new ind.
[2022-02-16 12:28:55,713 - gama.genetic_programming.operator_set] 50 iterations of mate_with_log did not yield new ind.
[2022-02-16 12:28:55,795 - gama.genetic_programming.operator_set] 50 iterations of mate_with_log did not yield new ind.
[2022-02-16 12:28:56,720 - gama.genetic_programming.operator_set] 50 iterations of mate_with_log did not yield new ind.
[2022-02-16 12:28:57,471 - gama.genetic_programming.operator_set] 50 iterations of mate_with_log did not yield new ind.
[2022-02-16 12:28:58,392 - gama.genetic_programming.operator_set] 50 iterations of mate_with_log did not yield new ind.
[2022-02-16 12:28:58,485 - gama.genetic_programming.operator_set] 50 iterations of mate_with_log did not yield new ind.
[2022-02-16 12:28:58,857 - gama.genetic_programming.operator_set] 50 iterations of mate_with_log did not yield new ind.
[2022-02-16 12:28:59,258 - gama.genetic_programming.operator_set] 50 iterations of mate_with_log did not yield new ind.
[2022-02-16 12:28:59,844 - gama.genetic_programming.operator_set] 50 iterations of mate_with_log did not yield new ind.
[2022-02-16 12:29:00,058 - gama.genetic_programming.operator_set] 50 iterations of mate_with_log did not yield new ind.
[2022-02-16 12:29:00,083 - gama.genetic_programming.operator_set] 50 iterations of mate_with_log did not yield new ind.
[2022-02-16 12:29:00,405 - gama.genetic_programming.operator_set] 50 iterations of mate_with_log did not yield new ind.
[2022-02-16 12:29:00,889 - gama.genetic_programming.operator_set] 50 iterations of mate_with_log did not yield new ind.
[2022-02-16 12:29:01,135 - gama.genetic_programming.operator_set] 50 iterations of mate_with_log did not yield new ind.
[2022-02-16 12:29:01,172 - gama.genetic_programming.operator_set] 50 iterations of mate_with_log did not yield new ind.
[2022-02-16 12:29:01,248 - gama.genetic_programming.operator_set] 50 iterations of mate_with_log did not yield new ind.
[2022-02-16 12:29:01,286 - gama.genetic_programming.operator_set] 50 iterations of mate_with_log did not yield new ind.
[2022-02-16 12:29:01,327 - gama.genetic_programming.operator_set] 50 iterations of mate_with_log did not yield new ind.
[2022-02-16 12:29:01,415 - gama.genetic_programming.operator_set] 50 iterations of mate_with_log did not yield new ind.
[2022-02-16 12:29:01,620 - gama.genetic_programming.operator_set] 50 iterations of mate_with_log did not yield new ind.
[2022-02-16 12:29:01,655 - gama.genetic_programming.operator_set] 50 iterations of mate_with_log did not yield new ind.
[2022-02-16 12:29:01,679 - gama.genetic_programming.operator_set] 50 iterations of mate_with_log did not yield new ind.
[2022-02-16 12:29:01,838 - gama.genetic_programming.operator_set] 50 iterations of mate_with_log did not yield new ind.
[2022-02-16 12:29:01,897 - gama.genetic_programming.operator_set] 50 iterations of mate_with_log did not yield new ind.
[2022-02-16 12:29:02,658 - gama.genetic_programming.operator_set] 50 iterations of mate_with_log did not yield new ind.
[2022-02-16 12:29:02,742 - gama.genetic_programming.operator_set] 50 iterations of mate_with_log did not yield new ind.
[2022-02-16 12:29:02,864 - gama.genetic_programming.operator_set] 50 iterations of mate_with_log did not yield new ind.
[2022-02-16 12:29:03,148 - gama.genetic_programming.operator_set] 50 iterations of mate_with_log did not yield new ind.
[2022-02-16 12:29:03,356 - gama.genetic_programming.operator_set] 50 iterations of mate_with_log did not yield new ind.
[2022-02-16 12:29:03,980 - gama.genetic_programming.operator_set] 50 iterations of mate_with_log did not yield new ind.
[2022-02-16 12:29:04,764 - gama.genetic_programming.operator_set] 50 iterations of mate_with_log did not yield new ind.
[2022-02-16 12:29:06,614 - gama.genetic_programming.operator_set] 50 iterations of mate_with_log did not yield new ind.
[2022-02-16 12:29:07,156 - gama.genetic_programming.operator_set] 50 iterations of mate_with_log did not yield new ind.
[2022-02-16 12:29:07,294 - gama.genetic_programming.operator_set] 50 iterations of mate_with_log did not yield new ind.
[2022-02-16 12:29:07,576 - gama.genetic_programming.operator_set] 50 iterations of mate_with_log did not yield new ind.
[2022-02-16 12:29:08,103 - gama.genetic_programming.operator_set] 50 iterations of mate_with_log did not yield new ind.
[2022-02-16 12:29:08,454 - gama.genetic_programming.operator_set] 50 iterations of mate_with_log did not yield new ind.
[2022-02-16 12:29:08,515 - gama.genetic_programming.operator_set] 50 iterations of mate_with_log did not yield new ind.
[2022-02-16 12:29:08,781 - gama.genetic_programming.operator_set] 50 iterations of mate_with_log did not yield new ind.
[2022-02-16 12:29:09,016 - gama.genetic_programming.operator_set] 50 iterations of mate_with_log did not yield new ind.
[2022-02-16 12:29:09,160 - gama.genetic_programming.operator_set] 50 iterations of mate_with_log did not yield new ind.
[2022-02-16 12:29:09,164 - gama.genetic_programming.operator_set] 50 iterations of mate_with_log did not yield new ind.
[2022-02-16 12:29:09,391 - gama.genetic_programming.operator_set] 50 iterations of mate_with_log did not yield new ind.
[2022-02-16 12:29:09,431 - gama.genetic_programming.operator_set] 50 iterations of mate_with_log did not yield new ind.
[2022-02-16 12:29:09,495 - gama.genetic_programming.operator_set] 50 iterations of mate_with_log did not yield new ind.
[2022-02-16 12:29:09,518 - gama.genetic_programming.operator_set] 50 iterations of mate_with_log did not yield new ind.
[2022-02-16 12:29:09,582 - gama.genetic_programming.operator_set] 50 iterations of mate_with_log did not yield new ind.
[2022-02-16 12:29:09,772 - gama.genetic_programming.operator_set] 50 iterations of mate_with_log did not yield new ind.
[2022-02-16 12:29:09,960 - gama.genetic_programming.operator_set] 50 iterations of mate_with_log did not yield new ind.
[2022-02-16 12:29:10,333 - gama.genetic_programming.operator_set] 50 iterations of mate_with_log did not yield new ind.
[2022-02-16 12:29:10,419 - gama.genetic_programming.operator_set] 50 iterations of mate_with_log did not yield new ind.
[2022-02-16 12:29:10,814 - gama.genetic_programming.operator_set] 50 iterations of mate_with_log did not yield new ind.
[2022-02-16 12:29:11,113 - gama.genetic_programming.operator_set] 50 iterations of mate_with_log did not yield new ind.
[2022-02-16 12:29:11,149 - gama.genetic_programming.operator_set] 50 iterations of mate_with_log did not yield new ind.
[2022-02-16 12:29:12,211 - gama.genetic_programming.operator_set] 50 iterations of mate_with_log did not yield new ind.
[2022-02-16 12:29:12,246 - gama.genetic_programming.operator_set] 50 iterations of mate_with_log did not yield new ind.
[2022-02-16 12:29:12,286 - gama.genetic_programming.operator_set] 50 iterations of mate_with_log did not yield new ind.
[2022-02-16 12:29:13,207 - gama.genetic_programming.operator_set] 50 iterations of mate_with_log did not yield new ind.
[2022-02-16 12:29:14,360 - gama.genetic_programming.operator_set] 50 iterations of mate_with_log did not yield new ind.
[2022-02-16 12:29:14,749 - gama.genetic_programming.operator_set] 50 iterations of mate_with_log did not yield new ind.
[2022-02-16 12:29:14,885 - gama.genetic_programming.operator_set] 50 iterations of mate_with_log did not yield new ind.
[2022-02-16 12:29:14,905 - gama.genetic_programming.operator_set] 50 iterations of mate_with_log did not yield new ind.
[2022-02-16 12:29:14,943 - gama.genetic_programming.operator_set] 50 iterations of mate_with_log did not yield new ind.
[2022-02-16 12:29:15,809 - gama.genetic_programming.operator_set] 50 iterations of mate_with_log did not yield new ind.
[2022-02-16 12:29:15,906 - gama.genetic_programming.operator_set] 50 iterations of mate_with_log did not yield new ind.
[2022-02-16 12:29:15,988 - gama.genetic_programming.operator_set] 50 iterations of mate_with_log did not yield new ind.
[2022-02-16 12:29:16,013 - gama.genetic_programming.operator_set] 50 iterations of mate_with_log did not yield new ind.
[2022-02-16 12:29:16,727 - gama.genetic_programming.operator_set] 50 iterations of mate_with_log did not yield new ind.
[2022-02-16 12:29:16,946 - gama.genetic_programming.operator_set] 50 iterations of mate_with_log did not yield new ind.
[2022-02-16 12:29:16,998 - gama.genetic_programming.operator_set] 50 iterations of mate_with_log did not yield new ind.
[2022-02-16 12:29:17,013 - gama.genetic_programming.operator_set] 50 iterations of mate_with_log did not yield new ind.
[2022-02-16 12:29:17,177 - gama.genetic_programming.operator_set] 50 iterations of mate_with_log did not yield new ind.
[2022-02-16 12:29:17,516 - gama.genetic_programming.operator_set] 50 iterations of mate_with_log did not yield new ind.
[2022-02-16 12:29:17,684 - gama.genetic_programming.operator_set] 50 iterations of mate_with_log did not yield new ind.
[2022-02-16 12:29:17,807 - gama.gama] Time exceeded during callback, but exception was swallowed.
[2022-02-16 12:29:17,807 - gama.utilities.generic.async_evaluator] Terminating 2 subprocesses.
[2022-02-16 12:29:17,891 - gama.gama] Search phase evaluated 40925 individuals.
[2022-02-16 12:29:17,892 - gama.utilities.generic.timekeeper] STOP: search AsyncEA after 53.0857s.
[2022-02-16 12:29:17,892 - gama.utilities.generic.timekeeper] START: postprocess BestFitPostProcessing
[2022-02-16 12:29:24,411 - gama.utilities.generic.timekeeper] STOP: postprocess BestFitPostProcessing after 6.5187s.
[2022-02-16 12:29:25,044 - gama] Removing StreamHandlers registered by previous GAMA instance(s).
[2022-02-16 12:29:25,044 - gama.gama] Using GAMA version 20.2.1.
[2022-02-16 12:29:25,044 - gama.gama] INIT:GamaClassifier(scoring=accuracy,regularize_length=True,max_pipeline_length=None,random_state=None,max_total_time=60,max_eval_time=None,n_jobs=2,max_memory_mb=None,verbosity=20,search=AsyncEA(),post_processing=EnsemblePostProcessing(ensemble_size=25,hillclimb_size=10000,max_models=200),output_directory=gama_log3,store=logs)
[2022-02-16 12:29:25,058 - gama.utilities.generic.timekeeper] START: preprocessing default
[2022-02-16 12:29:25,144 - gama.gama] Data has too many features to include PolynomialFeatures
[2022-02-16 12:29:25,145 - gama.utilities.generic.timekeeper] STOP: preprocessing default after 0.0865s.
[2022-02-16 12:29:25,145 - gama.utilities.generic.timekeeper] START: search AsyncEA
[2022-02-16 12:29:25,219 - gama.utilities.generic.async_evaluator] Process 59563 starting 2 subprocesses.
[2022-02-16 12:29:26,800 - gama.search_methods.async_ea] Starting EA with new population.
[2022-02-16 12:29:27,793 - gama.genetic_programming.operator_set] 50 iterations of mate_with_log did not yield new ind.
[2022-02-16 12:29:27,965 - gama.genetic_programming.operator_set] 50 iterations of mate_with_log did not yield new ind.
[2022-02-16 12:29:28,170 - gama.genetic_programming.operator_set] 50 iterations of mate_with_log did not yield new ind.
[2022-02-16 12:29:29,138 - gama.genetic_programming.operator_set] 50 iterations of mate_with_log did not yield new ind.
[2022-02-16 12:29:29,881 - gama.genetic_programming.operator_set] 50 iterations of mate_with_log did not yield new ind.
[2022-02-16 12:29:33,036 - gama.genetic_programming.operator_set] 50 iterations of mate_with_log did not yield new ind.
[2022-02-16 12:29:34,503 - gama.genetic_programming.operator_set] 50 iterations of mate_with_log did not yield new ind.
[2022-02-16 12:29:34,696 - gama.genetic_programming.operator_set] 50 iterations of mate_with_log did not yield new ind.
[2022-02-16 12:29:35,235 - gama.genetic_programming.operator_set] 50 iterations of mate_with_log did not yield new ind.
[2022-02-16 12:29:36,525 - gama.genetic_programming.operator_set] 50 iterations of mate_with_log did not yield new ind.
[2022-02-16 12:29:37,571 - gama.genetic_programming.operator_set] 50 iterations of mate_with_log did not yield new ind.
[2022-02-16 12:29:38,242 - gama.genetic_programming.operator_set] 50 iterations of mate_with_log did not yield new ind.
[2022-02-16 12:29:38,954 - gama.genetic_programming.operator_set] 50 iterations of mate_with_log did not yield new ind.
[2022-02-16 12:29:39,356 - gama.genetic_programming.operator_set] 50 iterations of mate_with_log did not yield new ind.
[2022-02-16 12:29:39,401 - gama.genetic_programming.operator_set] 50 iterations of mate_with_log did not yield new ind.
[2022-02-16 12:29:39,444 - gama.genetic_programming.operator_set] 50 iterations of mate_with_log did not yield new ind.
[2022-02-16 12:29:40,250 - gama.genetic_programming.operator_set] 50 iterations of mate_with_log did not yield new ind.
[2022-02-16 12:29:40,779 - gama.genetic_programming.operator_set] 50 iterations of mate_with_log did not yield new ind.
[2022-02-16 12:29:41,581 - gama.genetic_programming.operator_set] 50 iterations of mate_with_log did not yield new ind.
[2022-02-16 12:29:42,261 - gama.genetic_programming.operator_set] 50 iterations of mate_with_log did not yield new ind.
[2022-02-16 12:29:42,547 - gama.genetic_programming.operator_set] 50 iterations of mate_with_log did not yield new ind.
[2022-02-16 12:29:44,049 - gama.genetic_programming.operator_set] 50 iterations of mate_with_log did not yield new ind.
[2022-02-16 12:29:44,145 - gama.genetic_programming.operator_set] 50 iterations of mate_with_log did not yield new ind.
[2022-02-16 12:29:45,654 - gama.genetic_programming.operator_set] 50 iterations of mate_with_log did not yield new ind.
[2022-02-16 12:29:45,690 - gama.genetic_programming.operator_set] 50 iterations of mate_with_log did not yield new ind.
[2022-02-16 12:29:45,853 - gama.genetic_programming.operator_set] 50 iterations of mate_with_log did not yield new ind.
[2022-02-16 12:29:46,317 - gama.genetic_programming.operator_set] 50 iterations of mate_with_log did not yield new ind.
[2022-02-16 12:29:46,577 - gama.genetic_programming.operator_set] 50 iterations of mate_with_log did not yield new ind.
[2022-02-16 12:29:46,645 - gama.genetic_programming.operator_set] 50 iterations of mate_with_log did not yield new ind.
[2022-02-16 12:29:47,936 - gama.genetic_programming.operator_set] 50 iterations of mate_with_log did not yield new ind.
[2022-02-16 12:29:48,011 - gama.genetic_programming.operator_set] 50 iterations of mate_with_log did not yield new ind.
[2022-02-16 12:29:48,651 - gama.genetic_programming.operator_set] 50 iterations of mate_with_log did not yield new ind.
[2022-02-16 12:29:49,210 - gama.genetic_programming.operator_set] 50 iterations of mate_with_log did not yield new ind.
[2022-02-16 12:29:49,750 - gama.genetic_programming.operator_set] 50 iterations of mate_with_log did not yield new ind.
[2022-02-16 12:29:49,948 - gama.genetic_programming.operator_set] 50 iterations of mate_with_log did not yield new ind.
[2022-02-16 12:29:50,073 - gama.genetic_programming.operator_set] 50 iterations of mate_with_log did not yield new ind.
[2022-02-16 12:29:50,087 - gama.genetic_programming.operator_set] 50 iterations of mate_with_log did not yield new ind.
[2022-02-16 12:29:50,662 - gama.genetic_programming.operator_set] 50 iterations of mate_with_log did not yield new ind.
[2022-02-16 12:29:50,911 - gama.genetic_programming.operator_set] 50 iterations of mate_with_log did not yield new ind.
[2022-02-16 12:29:52,583 - gama.genetic_programming.operator_set] 50 iterations of mate_with_log did not yield new ind.
[2022-02-16 12:29:52,816 - gama.genetic_programming.operator_set] 50 iterations of mate_with_log did not yield new ind.
[2022-02-16 12:29:53,425 - gama.genetic_programming.operator_set] 50 iterations of mate_with_log did not yield new ind.
[2022-02-16 12:29:53,669 - gama.genetic_programming.operator_set] 50 iterations of mate_with_log did not yield new ind.
[2022-02-16 12:29:54,637 - gama.genetic_programming.operator_set] 50 iterations of mate_with_log did not yield new ind.
[2022-02-16 12:29:54,786 - gama.genetic_programming.operator_set] 50 iterations of mate_with_log did not yield new ind.
[2022-02-16 12:29:54,988 - gama.genetic_programming.operator_set] 50 iterations of mate_with_log did not yield new ind.
[2022-02-16 12:29:55,730 - gama.genetic_programming.operator_set] 50 iterations of mate_with_log did not yield new ind.
[2022-02-16 12:29:56,346 - gama.genetic_programming.operator_set] 50 iterations of mate_with_log did not yield new ind.
[2022-02-16 12:29:56,567 - gama.genetic_programming.operator_set] 50 iterations of mate_with_log did not yield new ind.
[2022-02-16 12:29:58,588 - gama.genetic_programming.operator_set] 50 iterations of mate_with_log did not yield new ind.
[2022-02-16 12:29:58,758 - gama.genetic_programming.operator_set] 50 iterations of mate_with_log did not yield new ind.
[2022-02-16 12:29:58,836 - gama.genetic_programming.operator_set] 50 iterations of mate_with_log did not yield new ind.
[2022-02-16 12:29:59,025 - gama.genetic_programming.operator_set] 50 iterations of mate_with_log did not yield new ind.
[2022-02-16 12:30:01,409 - gama.genetic_programming.operator_set] 50 iterations of mate_with_log did not yield new ind.
[2022-02-16 12:30:02,120 - gama.genetic_programming.operator_set] 50 iterations of mate_with_log did not yield new ind.
[2022-02-16 12:30:02,138 - gama.genetic_programming.operator_set] 50 iterations of mate_with_log did not yield new ind.
[2022-02-16 12:30:02,298 - gama.genetic_programming.operator_set] 50 iterations of mate_with_log did not yield new ind.
[2022-02-16 12:30:02,306 - gama.genetic_programming.operator_set] 50 iterations of mate_with_log did not yield new ind.
[2022-02-16 12:30:02,798 - gama.genetic_programming.operator_set] 50 iterations of mate_with_log did not yield new ind.
[2022-02-16 12:30:03,375 - gama.genetic_programming.operator_set] 50 iterations of mate_with_log did not yield new ind.
[2022-02-16 12:30:03,414 - gama.genetic_programming.operator_set] 50 iterations of mate_with_log did not yield new ind.
[2022-02-16 12:30:04,414 - gama.genetic_programming.operator_set] 50 iterations of mate_with_log did not yield new ind.
[2022-02-16 12:30:04,963 - gama.genetic_programming.operator_set] 50 iterations of mate_with_log did not yield new ind.
[2022-02-16 12:30:06,147 - gama.gama] Time exceeded during callback, but exception was swallowed.
[2022-02-16 12:30:06,147 - gama.utilities.generic.async_evaluator] Terminating 2 subprocesses.
[2022-02-16 12:30:06,243 - gama.gama] Search phase evaluated 31224 individuals.
[2022-02-16 12:30:06,243 - gama.utilities.generic.timekeeper] STOP: search AsyncEA after 41.0978s.
[2022-02-16 12:30:06,244 - gama.utilities.generic.timekeeper] START: postprocess EnsemblePostProcessing
[2022-02-16 12:30:06,244 - gama.postprocessing.ensemble] Building ensemble.
[2022-02-16 12:30:06,245 - gama.postprocessing.ensemble] Not downsampling because only 10000 samples were stored.
[2022-02-16 12:30:06,246 - gama.postprocessing.ensemble] Error during auto ensemble: division by zero
Traceback (most recent call last):
  File "/Users/jvanscho/miniforge3/lib/python3.9/site-packages/gama/postprocessing/ensemble.py", line 524, in build_fit_ensemble
    ensemble.build_initial_ensemble(10)
  File "/Users/jvanscho/miniforge3/lib/python3.9/site-packages/gama/postprocessing/ensemble.py", line 265, in build_initial_ensemble
    self._ensemble_validation_score()
  File "/Users/jvanscho/miniforge3/lib/python3.9/site-packages/gama/postprocessing/ensemble.py", line 444, in _ensemble_validation_score
    prediction_to_validate = self._averaged_validation_predictions()
  File "/Users/jvanscho/miniforge3/lib/python3.9/site-packages/gama/postprocessing/ensemble.py", line 240, in _averaged_validation_predictions
    return weighted_sum_predictions / self._total_model_weights()
ZeroDivisionError: division by zero
[2022-02-16 12:30:06,247 - gama.utilities.generic.timekeeper] STOP: postprocess EnsemblePostProcessing after 0.0028s.
[2022-02-16 13:18:49,055 - gama.gama] Using GAMA version 20.2.1.
[2022-02-16 13:18:49,055 - gama.gama] INIT:GamaRegressor(scoring=r2,regularize_length=True,max_pipeline_length=None,random_state=None,max_total_time=60,max_eval_time=None,n_jobs=1,max_memory_mb=None,verbosity=30,search=AsyncEA(),post_processing=BestFitPostProcessing(),output_directory=gama_log,store=logs)
[2022-02-16 13:18:49,059 - gama.utilities.generic.timekeeper] START: preprocessing default
[2022-02-16 13:18:49,060 - gama.utilities.generic.timekeeper] STOP: preprocessing default after 0.0009s.
[2022-02-16 13:18:49,060 - gama.utilities.generic.timekeeper] START: search AsyncEA
[2022-02-16 13:18:49,114 - gama.utilities.generic.async_evaluator] Process 60406 starting 1 subprocesses.
[2022-02-16 13:18:49,121 - gama.search_methods.async_ea] Starting EA with new population.
[2022-02-16 13:18:50,266 - gama.genetic_programming.operator_set] 50 iterations of mate_with_log did not yield new ind.
[2022-02-16 13:18:50,967 - gama.genetic_programming.operator_set] 50 iterations of mate_with_log did not yield new ind.
[2022-02-16 13:18:52,564 - gama.genetic_programming.operator_set] 50 iterations of mate_with_log did not yield new ind.
[2022-02-16 13:18:55,020 - gama.genetic_programming.operator_set] 50 iterations of mate_with_log did not yield new ind.
[2022-02-16 13:18:55,331 - gama.genetic_programming.operator_set] 50 iterations of mate_with_log did not yield new ind.
[2022-02-16 13:18:55,404 - gama.genetic_programming.operator_set] 50 iterations of mate_with_log did not yield new ind.
[2022-02-16 13:18:56,888 - gama.genetic_programming.operator_set] 50 iterations of mate_with_log did not yield new ind.
[2022-02-16 13:18:57,740 - gama.genetic_programming.operator_set] 50 iterations of mate_with_log did not yield new ind.
[2022-02-16 13:18:58,993 - gama.genetic_programming.operator_set] 50 iterations of mate_with_log did not yield new ind.
[2022-02-16 13:18:59,309 - gama.genetic_programming.operator_set] 50 iterations of mate_with_log did not yield new ind.
[2022-02-16 13:18:59,660 - gama.genetic_programming.operator_set] 50 iterations of mate_with_log did not yield new ind.
[2022-02-16 13:19:00,032 - gama.genetic_programming.operator_set] 50 iterations of mate_with_log did not yield new ind.
[2022-02-16 13:19:01,352 - gama.genetic_programming.operator_set] 50 iterations of mate_with_log did not yield new ind.
[2022-02-16 13:19:01,647 - gama.genetic_programming.operator_set] 50 iterations of mate_with_log did not yield new ind.
[2022-02-16 13:19:02,593 - gama.genetic_programming.operator_set] 50 iterations of mate_with_log did not yield new ind.
[2022-02-16 13:19:02,725 - gama.genetic_programming.operator_set] 50 iterations of mate_with_log did not yield new ind.
[2022-02-16 13:19:03,284 - gama.genetic_programming.operator_set] 50 iterations of mate_with_log did not yield new ind.
[2022-02-16 13:19:03,922 - gama.genetic_programming.operator_set] 50 iterations of mate_with_log did not yield new ind.
[2022-02-16 13:19:05,293 - gama.genetic_programming.operator_set] 50 iterations of mate_with_log did not yield new ind.
[2022-02-16 13:19:05,651 - gama.genetic_programming.operator_set] 50 iterations of mate_with_log did not yield new ind.
[2022-02-16 13:19:06,672 - gama.genetic_programming.operator_set] 50 iterations of mate_with_log did not yield new ind.
[2022-02-16 13:19:07,152 - gama.genetic_programming.operator_set] 50 iterations of mate_with_log did not yield new ind.
[2022-02-16 13:19:08,717 - gama.genetic_programming.operator_set] 50 iterations of mate_with_log did not yield new ind.
[2022-02-16 13:19:09,194 - gama.genetic_programming.operator_set] 50 iterations of mate_with_log did not yield new ind.
[2022-02-16 13:19:10,104 - gama.genetic_programming.operator_set] 50 iterations of mate_with_log did not yield new ind.
[2022-02-16 13:19:10,292 - gama.genetic_programming.operator_set] 50 iterations of mate_with_log did not yield new ind.
[2022-02-16 13:19:11,527 - gama.genetic_programming.operator_set] 50 iterations of mate_with_log did not yield new ind.
[2022-02-16 13:19:11,909 - gama.genetic_programming.operator_set] 50 iterations of mate_with_log did not yield new ind.
[2022-02-16 13:19:12,908 - gama.genetic_programming.operator_set] 50 iterations of mate_with_log did not yield new ind.
[2022-02-16 13:19:15,178 - gama.genetic_programming.operator_set] 50 iterations of mate_with_log did not yield new ind.
[2022-02-16 13:19:20,037 - gama.genetic_programming.operator_set] 50 iterations of mate_with_log did not yield new ind.
[2022-02-16 13:19:20,596 - gama.genetic_programming.operator_set] 50 iterations of mate_with_log did not yield new ind.
[2022-02-16 13:19:20,661 - gama.genetic_programming.operator_set] 50 iterations of mate_with_log did not yield new ind.
[2022-02-16 13:19:20,712 - gama.genetic_programming.operator_set] 50 iterations of mate_with_log did not yield new ind.
[2022-02-16 13:19:20,907 - gama.genetic_programming.operator_set] 50 iterations of mate_with_log did not yield new ind.
[2022-02-16 13:19:20,953 - gama.genetic_programming.operator_set] 50 iterations of mate_with_log did not yield new ind.
[2022-02-16 13:19:21,241 - gama.genetic_programming.operator_set] 50 iterations of mate_with_log did not yield new ind.
[2022-02-16 13:19:21,771 - gama.genetic_programming.operator_set] 50 iterations of mate_with_log did not yield new ind.
[2022-02-16 13:19:21,974 - gama.genetic_programming.operator_set] 50 iterations of mate_with_log did not yield new ind.
[2022-02-16 13:19:22,512 - gama.genetic_programming.operator_set] 50 iterations of mate_with_log did not yield new ind.
[2022-02-16 13:19:22,742 - gama.genetic_programming.operator_set] 50 iterations of mate_with_log did not yield new ind.
[2022-02-16 13:19:23,899 - gama.genetic_programming.operator_set] 50 iterations of mate_with_log did not yield new ind.
[2022-02-16 13:19:24,232 - gama.genetic_programming.operator_set] 50 iterations of mate_with_log did not yield new ind.
[2022-02-16 13:19:24,326 - gama.genetic_programming.operator_set] 50 iterations of mate_with_log did not yield new ind.
[2022-02-16 13:19:25,811 - gama.genetic_programming.operator_set] 50 iterations of mate_with_log did not yield new ind.
[2022-02-16 13:19:26,584 - gama.genetic_programming.operator_set] 50 iterations of mate_with_log did not yield new ind.
[2022-02-16 13:19:26,803 - gama.genetic_programming.operator_set] 50 iterations of mate_with_log did not yield new ind.
[2022-02-16 13:19:28,195 - gama.genetic_programming.operator_set] 50 iterations of mate_with_log did not yield new ind.
[2022-02-16 13:19:28,419 - gama.genetic_programming.operator_set] 50 iterations of mate_with_log did not yield new ind.
[2022-02-16 13:19:28,621 - gama.genetic_programming.operator_set] 50 iterations of mate_with_log did not yield new ind.
[2022-02-16 13:19:29,014 - gama.genetic_programming.operator_set] 50 iterations of mate_with_log did not yield new ind.
[2022-02-16 13:19:29,712 - gama.genetic_programming.operator_set] 50 iterations of mate_with_log did not yield new ind.
[2022-02-16 13:19:30,405 - gama.genetic_programming.operator_set] 50 iterations of mate_with_log did not yield new ind.
[2022-02-16 13:19:32,771 - gama.genetic_programming.operator_set] 50 iterations of mate_with_log did not yield new ind.
[2022-02-16 13:19:32,859 - gama.genetic_programming.operator_set] 50 iterations of mate_with_log did not yield new ind.
[2022-02-16 13:19:36,836 - gama.genetic_programming.operator_set] 50 iterations of mate_with_log did not yield new ind.
[2022-02-16 13:19:38,033 - gama.genetic_programming.operator_set] 50 iterations of mate_with_log did not yield new ind.
[2022-02-16 13:19:38,620 - gama.genetic_programming.operator_set] 50 iterations of mate_with_log did not yield new ind.
[2022-02-16 13:19:39,075 - gama.genetic_programming.operator_set] 50 iterations of mate_with_log did not yield new ind.
[2022-02-16 13:19:39,210 - gama.genetic_programming.operator_set] 50 iterations of mate_with_log did not yield new ind.
[2022-02-16 13:19:39,476 - gama.genetic_programming.operator_set] 50 iterations of mate_with_log did not yield new ind.
[2022-02-16 13:19:40,255 - gama.genetic_programming.operator_set] 50 iterations of mate_with_log did not yield new ind.
[2022-02-16 13:19:40,418 - gama.genetic_programming.operator_set] 50 iterations of mate_with_log did not yield new ind.
[2022-02-16 13:19:40,582 - gama.genetic_programming.operator_set] 50 iterations of mate_with_log did not yield new ind.
[2022-02-16 13:19:40,687 - gama.genetic_programming.operator_set] 50 iterations of mate_with_log did not yield new ind.
[2022-02-16 13:19:41,069 - gama.genetic_programming.operator_set] 50 iterations of mate_with_log did not yield new ind.
[2022-02-16 13:19:42,061 - gama.gama] Time exceeded during callback, but exception was swallowed.
[2022-02-16 13:19:42,061 - gama.utilities.generic.async_evaluator] Terminating 1 subprocesses.
[2022-02-16 13:19:42,163 - gama.gama] Search phase evaluated 39551 individuals.
[2022-02-16 13:19:42,163 - gama.utilities.generic.timekeeper] STOP: search AsyncEA after 53.1030s.
[2022-02-16 13:19:42,163 - gama.utilities.generic.timekeeper] START: postprocess BestFitPostProcessing
[2022-02-16 13:19:42,180 - gama.utilities.generic.timekeeper] STOP: postprocess BestFitPostProcessing after 0.0173s.
